[Fri Oct 09 14:57:13.341863 2015] [mpm_winnt:notice] [pid 13132:tid 628] AH00455: Apache/2.4.16 (Win32) PHP/5.4.45 configured -- resuming normal operations
[Fri Oct 09 14:57:13.341863 2015] [mpm_winnt:notice] [pid 13132:tid 628] AH00456: Apache Lounge VC10 Server built: Jul 12 2015 13:26:53
[Fri Oct 09 14:57:13.341863 2015] [core:notice] [pid 13132:tid 628] AH00094: Command line: 'C:\\UniServerZ\\core\\apache2\\bin\\httpd_z.exe -d C:/UniServerZ/core/apache2 -f C:\\UniServerZ\\core\\apache2\\conf\\httpd.conf -d C:\\UniServerZ\\core\\apache2'
[Fri Oct 09 14:57:13.350869 2015] [mpm_winnt:notice] [pid 13132:tid 628] AH00418: Parent: Created child process 13792
[Fri Oct 09 14:57:13.745211 2015] [mpm_winnt:notice] [pid 13792:tid 664] AH00354: Child: Starting 150 worker threads.
[Fri Oct 09 15:01:37.055344 2015] [core:warn] [pid 14424:tid 300] AH00098: pid file C:/UniServerZ/core/apache2/logs/httpd.pid overwritten -- Unclean shutdown of previous Apache run?
[Fri Oct 09 15:01:37.079360 2015] [mpm_winnt:notice] [pid 14424:tid 300] AH00455: Apache/2.4.16 (Win32) PHP/5.4.45 configured -- resuming normal operations
[Fri Oct 09 15:01:37.079360 2015] [mpm_winnt:notice] [pid 14424:tid 300] AH00456: Apache Lounge VC10 Server built: Jul 12 2015 13:26:53
[Fri Oct 09 15:01:37.079360 2015] [core:notice] [pid 14424:tid 300] AH00094: Command line: 'C:\\UniServerZ\\core\\apache2\\bin\\httpd_z.exe -d C:/UniServerZ/core/apache2 -f C:\\UniServerZ\\core\\apache2\\conf\\httpd.conf -d C:\\UniServerZ\\core\\apache2'
[Fri Oct 09 15:01:37.088365 2015] [mpm_winnt:notice] [pid 14424:tid 300] AH00418: Parent: Created child process 9856
[Fri Oct 09 15:01:37.528719 2015] [mpm_winnt:notice] [pid 9856:tid 652] AH00354: Child: Starting 150 worker threads.
[Fri Oct 09 15:14:14.966115 2015] [:error] [pid 9856:tid 1852] [client ::1:30380] PHP Warning:  mysql_connect(): Access denied for user 'root'@'localhost' (using password: NO) in C:\\UniServerZ\\www\\login-registration-system\\dbconnect.php on line 2, referer: http://localhost/
[Fri Oct 09 15:24:29.757328 2015] [:error] [pid 9856:tid 1860] [client ::1:30641] PHP Notice:  Undefined index: user in C:\\UniServerZ\\www\\login-registration-system\\home.php on line 9
[Fri Oct 09 15:24:29.758328 2015] [:error] [pid 9856:tid 1860] [client ::1:30641] PHP Warning:  mysql_fetch_array() expects parameter 1 to be resource, boolean given in C:\\UniServerZ\\www\\login-registration-system\\home.php on line 10
[Fri Oct 09 15:25:53.328147 2015] [:error] [pid 9856:tid 1848] [client ::1:30682] PHP Notice:  Undefined index: user in C:\\UniServerZ\\www\\login-registration-system\\home.php on line 9
[Fri Oct 09 15:25:53.328147 2015] [:error] [pid 9856:tid 1848] [client ::1:30682] PHP Warning:  mysql_fetch_array() expects parameter 1 to be resource, boolean given in C:\\UniServerZ\\www\\login-registration-system\\home.php on line 10
[Fri Oct 09 15:26:17.392140 2015] [:error] [pid 9856:tid 1856] [client ::1:30703] PHP Notice:  Undefined index: user in C:\\UniServerZ\\www\\login-registration-system\\home.php on line 5
[Fri Oct 09 15:26:17.392140 2015] [:error] [pid 9856:tid 1856] [client ::1:30703] PHP Warning:  mysql_fetch_array() expects parameter 1 to be resource, boolean given in C:\\UniServerZ\\www\\login-registration-system\\home.php on line 6
[Fri Oct 09 16:02:14.428101 2015] [core:warn] [pid 14248:tid 392] AH00098: pid file C:/Users/Youcef/Dropbox/Bobo/UniServerZ/core/apache2/logs/httpd.pid overwritten -- Unclean shutdown of previous Apache run?
[Fri Oct 09 16:02:14.468127 2015] [mpm_winnt:notice] [pid 14248:tid 392] AH00455: Apache/2.4.16 (Win32) PHP/5.4.45 configured -- resuming normal operations
[Fri Oct 09 16:02:14.469128 2015] [mpm_winnt:notice] [pid 14248:tid 392] AH00456: Apache Lounge VC10 Server built: Jul 12 2015 13:26:53
[Fri Oct 09 16:02:14.469128 2015] [core:notice] [pid 14248:tid 392] AH00094: Command line: 'C:\\Users\\Youcef\\Dropbox\\Bobo\\UniServerZ\\core\\apache2\\bin\\httpd_z.exe -d C:/Users/Youcef/Dropbox/Bobo/UniServerZ/core/apache2 -f C:\\Users\\Youcef\\Dropbox\\Bobo\\UniServerZ\\core\\apache2\\conf\\httpd.conf -d C:\\Users\\Youcef\\Dropbox\\Bobo\\UniServerZ\\core\\apache2'
[Fri Oct 09 16:02:14.478135 2015] [mpm_winnt:notice] [pid 14248:tid 392] AH00418: Parent: Created child process 10480
[Fri Oct 09 16:02:14.910423 2015] [mpm_winnt:notice] [pid 10480:tid 652] AH00354: Child: Starting 150 worker threads.
[Fri Oct 09 16:04:05.115875 2015] [core:warn] [pid 11608:tid 316] AH00098: pid file C:/Users/Youcef/Dropbox/Bobo/UniServerZ/core/apache2/logs/httpd.pid overwritten -- Unclean shutdown of previous Apache run?
[Fri Oct 09 16:04:05.144895 2015] [mpm_winnt:notice] [pid 11608:tid 316] AH00455: Apache/2.4.16 (Win32) PHP/5.4.45 configured -- resuming normal operations
[Fri Oct 09 16:04:05.144895 2015] [mpm_winnt:notice] [pid 11608:tid 316] AH00456: Apache Lounge VC10 Server built: Jul 12 2015 13:26:53
[Fri Oct 09 16:04:05.144895 2015] [core:notice] [pid 11608:tid 316] AH00094: Command line: 'C:\\Users\\Youcef\\Dropbox\\Bobo\\UniServerZ\\core\\apache2\\bin\\httpd_z.exe -d C:/Users/Youcef/Dropbox/Bobo/UniServerZ/core/apache2 -f C:\\Users\\Youcef\\Dropbox\\Bobo\\UniServerZ\\core\\apache2\\conf\\httpd.conf -d C:\\Users\\Youcef\\Dropbox\\Bobo\\UniServerZ\\core\\apache2'
[Fri Oct 09 16:04:05.153900 2015] [mpm_winnt:notice] [pid 11608:tid 316] AH00418: Parent: Created child process 6468
[Fri Oct 09 16:04:05.555167 2015] [mpm_winnt:notice] [pid 6468:tid 660] AH00354: Child: Starting 150 worker threads.
[Fri Oct 09 16:18:05.218861 2015] [:error] [pid 6468:tid 1876] [client ::1:31583] PHP Warning:  mysql_connect(): No connection could be made because the target machine actively refused it.\r\n in C:\\Users\\Youcef\\Dropbox\\Bobo\\UniServerZ\\www\\login-registration-system\\dbconnect.php on line 2, referer: http://localhost/index.php
[Fri Oct 09 16:20:28.018133 2015] [:error] [pid 6468:tid 1876] [client ::1:31617] PHP Warning:  mysql_connect(): No connection could be made because the target machine actively refused it.\r\n in C:\\Users\\Youcef\\Dropbox\\Bobo\\UniServerZ\\www\\login-registration-system\\dbconnect.php on line 2, referer: http://localhost/index.php
[Fri Oct 09 16:21:24.158746 2015] [:error] [pid 6468:tid 1876] [client ::1:31642] PHP Warning:  mysql_connect(): No connection could be made because the target machine actively refused it.\r\n in C:\\Users\\Youcef\\Dropbox\\Bobo\\UniServerZ\\www\\login-registration-system\\dbconnect.php on line 2, referer: http://localhost/
[Fri Oct 09 16:21:25.573382 2015] [:error] [pid 6468:tid 1876] [client ::1:31642] PHP Warning:  mysql_connect(): No connection could be made because the target machine actively refused it.\r\n in C:\\Users\\Youcef\\Dropbox\\Bobo\\UniServerZ\\www\\login-registration-system\\dbconnect.php on line 2, referer: http://localhost/
[Fri Oct 09 16:21:36.240302 2015] [:error] [pid 6468:tid 1876] [client ::1:31645] PHP Warning:  mysql_connect(): No connection could be made because the target machine actively refused it.\r\n in C:\\Users\\Youcef\\Dropbox\\Bobo\\UniServerZ\\www\\login-registration-system\\dbconnect.php on line 2, referer: http://localhost/login-registration-system/index.php
[Fri Oct 09 16:21:43.187509 2015] [:error] [pid 6468:tid 1864] [client ::1:31646] PHP Warning:  mysql_connect(): No connection could be made because the target machine actively refused it.\r\n in C:\\Users\\Youcef\\Dropbox\\Bobo\\UniServerZ\\www\\login-registration-system\\dbconnect.php on line 2, referer: http://localhost/
[Fri Oct 09 16:22:26.054630 2015] [core:warn] [pid 2840:tid 300] AH00098: pid file C:/Users/Youcef/Dropbox/Bobo/UniServerZ/core/apache2/logs/httpd.pid overwritten -- Unclean shutdown of previous Apache run?
[Fri Oct 09 16:22:26.083648 2015] [mpm_winnt:notice] [pid 2840:tid 300] AH00455: Apache/2.4.16 (Win32) PHP/5.4.45 configured -- resuming normal operations
[Fri Oct 09 16:22:26.083648 2015] [mpm_winnt:notice] [pid 2840:tid 300] AH00456: Apache Lounge VC10 Server built: Jul 12 2015 13:26:53
[Fri Oct 09 16:22:26.083648 2015] [core:notice] [pid 2840:tid 300] AH00094: Command line: 'C:\\Users\\Youcef\\Dropbox\\Bobo\\UniServerZ\\core\\apache2\\bin\\httpd_z.exe -d C:/Users/Youcef/Dropbox/Bobo/UniServerZ/core/apache2 -f C:\\Users\\Youcef\\Dropbox\\Bobo\\UniServerZ\\core\\apache2\\conf\\httpd.conf -d C:\\Users\\Youcef\\Dropbox\\Bobo\\UniServerZ\\core\\apache2'
[Fri Oct 09 16:22:26.093655 2015] [mpm_winnt:notice] [pid 2840:tid 300] AH00418: Parent: Created child process 14876
[Fri Oct 09 16:22:26.497923 2015] [mpm_winnt:notice] [pid 14876:tid 664] AH00354: Child: Starting 150 worker threads.
[Fri Oct 09 16:22:55.642761 2015] [:error] [pid 14876:tid 1888] [client ::1:31689] PHP Warning:  mysql_connect(): No connection could be made because the target machine actively refused it.\r\n in C:\\Users\\Youcef\\Dropbox\\Bobo\\UniServerZ\\www\\login-registration-system\\dbconnect.php on line 2, referer: http://localhost/index.php
