151009 14:56:53 [Note] Plugin 'FEDERATED' is disabled.
151009 14:56:53 InnoDB: The InnoDB memory heap is disabled
151009 14:56:53 InnoDB: Mutexes and rw_locks use Windows interlocked functions
151009 14:56:53 InnoDB: Compressed tables use zlib 1.2.3
151009 14:56:53 InnoDB: Initializing buffer pool, size = 16.0M
151009 14:56:53 InnoDB: Completed initialization of buffer pool
InnoDB: The first specified data file .\ibdata1 did not exist:
InnoDB: a new database to be created!
151009 14:56:53  InnoDB: Setting file .\ibdata1 size to 10 MB
InnoDB: Database physically writes the file full: wait...
151009 14:56:53  InnoDB: Log file .\ib_logfile0 did not exist: new to be created
InnoDB: Setting log file .\ib_logfile0 size to 5 MB
InnoDB: Database physically writes the file full: wait...
151009 14:56:53  InnoDB: Log file .\ib_logfile1 did not exist: new to be created
InnoDB: Setting log file .\ib_logfile1 size to 5 MB
InnoDB: Database physically writes the file full: wait...
InnoDB: Doublewrite buffer not found: creating new
InnoDB: Doublewrite buffer created
InnoDB: 127 rollback segment(s) active.
InnoDB: Creating foreign key constraint system tables
InnoDB: Foreign key constraint system tables created
151009 14:56:53  InnoDB: Waiting for the background threads to start
151009 14:56:54 InnoDB: 5.5.45 started; log sequence number 0
151009 14:56:54 [Note] Server hostname (bind-address): '127.0.0.1'; port: 3306
151009 14:56:54 [Note]   - '127.0.0.1' resolves to '127.0.0.1';
151009 14:56:54 [Note] Server socket created on IP: '127.0.0.1'.
151009 14:56:54 [Note] Event Scheduler: Loaded 0 events
151009 14:56:54 [Note] C:\UniServerZ\core\mysql\bin\mysqld_z.exe: ready for connections.
Version: '5.5.45'  socket: ''  port: 3306  MySQL Community Server (GPL)
151009 14:57:16 [Note] Plugin 'FEDERATED' is disabled.
151009 14:57:16 InnoDB: The InnoDB memory heap is disabled
151009 14:57:16 InnoDB: Mutexes and rw_locks use Windows interlocked functions
151009 14:57:16 InnoDB: Compressed tables use zlib 1.2.3
151009 14:57:16 InnoDB: Initializing buffer pool, size = 16.0M
151009 14:57:16 InnoDB: Completed initialization of buffer pool
151009 14:57:16 InnoDB: highest supported file format is Barracuda.
InnoDB: The log sequence number in ibdata files does not match
InnoDB: the log sequence number in the ib_logfiles!
151009 14:57:16  InnoDB: Database was not shut down normally!
InnoDB: Starting crash recovery.
InnoDB: Reading tablespace information from the .ibd files...
InnoDB: Restoring possible half-written data pages from the doublewrite
InnoDB: buffer...
151009 14:57:16  InnoDB: Waiting for the background threads to start
151009 14:57:17 InnoDB: 5.5.45 started; log sequence number 1595675
151009 14:57:17 [Note] Server hostname (bind-address): '127.0.0.1'; port: 3306
151009 14:57:17 [Note]   - '127.0.0.1' resolves to '127.0.0.1';
151009 14:57:17 [Note] Server socket created on IP: '127.0.0.1'.
151009 14:57:17 [Note] Event Scheduler: Loaded 0 events
151009 14:57:17 [Note] C:\UniServerZ\core\mysql\bin\mysqld_z.exe: ready for connections.
Version: '5.5.45'  socket: ''  port: 3306  MySQL Community Server (GPL)
151009 15:00:37 [Note] C:\UniServerZ\core\mysql\bin\mysqld_z.exe: Normal shutdown

151009 15:00:38 [Note] Event Scheduler: Purging the queue. 0 events
151009 15:00:38  InnoDB: Starting shutdown...
151009 15:00:38  InnoDB: Shutdown completed; log sequence number 1595675
151009 15:00:38 [Note] C:\UniServerZ\core\mysql\bin\mysqld_z.exe: Shutdown complete

151009 15:01:10 [Note] Plugin 'FEDERATED' is disabled.
151009 15:01:10 InnoDB: The InnoDB memory heap is disabled
151009 15:01:10 InnoDB: Mutexes and rw_locks use Windows interlocked functions
151009 15:01:10 InnoDB: Compressed tables use zlib 1.2.3
151009 15:01:10 InnoDB: Initializing buffer pool, size = 16.0M
151009 15:01:10 InnoDB: Completed initialization of buffer pool
151009 15:01:10 InnoDB: highest supported file format is Barracuda.
151009 15:01:10  InnoDB: Waiting for the background threads to start
151009 15:01:11 InnoDB: 5.5.45 started; log sequence number 1595675
151009 15:01:11 [Note] Server hostname (bind-address): '127.0.0.1'; port: 3306
151009 15:01:11 [Note]   - '127.0.0.1' resolves to '127.0.0.1';
151009 15:01:11 [Note] Server socket created on IP: '127.0.0.1'.
151009 15:01:11 [Note] Event Scheduler: Loaded 0 events
151009 15:01:11 [Note] C:\UniServerZ\core\mysql\bin\mysqld_z.exe: ready for connections.
Version: '5.5.45'  socket: ''  port: 3306  MySQL Community Server (GPL)
151009 16:00:30 [Note] C:\UniServerZ\core\mysql\bin\mysqld_z.exe: Normal shutdown

151009 16:00:30 [Note] Event Scheduler: Purging the queue. 0 events
151009 16:00:30  InnoDB: Starting shutdown...
151009 16:00:30  InnoDB: Shutdown completed; log sequence number 1595675
151009 16:00:30 [Note] C:\UniServerZ\core\mysql\bin\mysqld_z.exe: Shutdown complete

151009 16:02:15 [Note] Plugin 'FEDERATED' is disabled.
151009 16:02:15 InnoDB: The InnoDB memory heap is disabled
151009 16:02:15 InnoDB: Mutexes and rw_locks use Windows interlocked functions
151009 16:02:15 InnoDB: Compressed tables use zlib 1.2.3
151009 16:02:15 InnoDB: Initializing buffer pool, size = 16.0M
151009 16:02:15 InnoDB: Completed initialization of buffer pool
151009 16:02:15 InnoDB: highest supported file format is Barracuda.
151009 16:02:15  InnoDB: Waiting for the background threads to start
151009 16:02:16 InnoDB: 5.5.45 started; log sequence number 1595675
151009 16:02:16 [Note] Server hostname (bind-address): '127.0.0.1'; port: 3306
151009 16:02:16 [Note]   - '127.0.0.1' resolves to '127.0.0.1';
151009 16:02:16 [Note] Server socket created on IP: '127.0.0.1'.
151009 16:02:16 [Note] Event Scheduler: Loaded 0 events
151009 16:02:16 [Note] C:\Users\Youcef\Dropbox\Bobo\UniServerZ\core\mysql\bin\mysqld_z.exe: ready for connections.
Version: '5.5.45'  socket: ''  port: 3306  MySQL Community Server (GPL)
151009 16:03:41 [Note] C:\Users\Youcef\Dropbox\Bobo\UniServerZ\core\mysql\bin\mysqld_z.exe: Normal shutdown

151009 16:03:41 [Note] Event Scheduler: Purging the queue. 0 events
151009 16:03:41  InnoDB: Starting shutdown...
151009 16:03:41  InnoDB: Shutdown completed; log sequence number 1595675
151009 16:03:41 [Note] C:\Users\Youcef\Dropbox\Bobo\UniServerZ\core\mysql\bin\mysqld_z.exe: Shutdown complete

151009 16:03:42 [Note] Plugin 'FEDERATED' is disabled.
151009 16:03:42 InnoDB: The InnoDB memory heap is disabled
151009 16:03:42 InnoDB: Mutexes and rw_locks use Windows interlocked functions
151009 16:03:42 InnoDB: Compressed tables use zlib 1.2.3
151009 16:03:42 InnoDB: Initializing buffer pool, size = 16.0M
151009 16:03:42 InnoDB: Completed initialization of buffer pool
151009 16:03:42 InnoDB: highest supported file format is Barracuda.
151009 16:03:42  InnoDB: Waiting for the background threads to start
151009 16:03:43 InnoDB: 5.5.45 started; log sequence number 1595675
151009 16:03:43 [Note] Server hostname (bind-address): '127.0.0.1'; port: 3306
151009 16:03:43 [Note]   - '127.0.0.1' resolves to '127.0.0.1';
151009 16:03:43 [Note] Server socket created on IP: '127.0.0.1'.
151009 16:03:43 [Note] Event Scheduler: Loaded 0 events
151009 16:03:43 [Note] C:\Users\Youcef\Dropbox\Bobo\UniServerZ\core\mysql\bin\mysqld_z.exe: ready for connections.
Version: '5.5.45'  socket: ''  port: 3306  MySQL Community Server (GPL)
151009 16:03:44 [Note] C:\Users\Youcef\Dropbox\Bobo\UniServerZ\core\mysql\bin\mysqld_z.exe: Normal shutdown

151009 16:03:44 [Note] Event Scheduler: Purging the queue. 0 events
151009 16:03:44  InnoDB: Starting shutdown...
151009 16:03:44  InnoDB: Shutdown completed; log sequence number 1595675
151009 16:03:44 [Note] C:\Users\Youcef\Dropbox\Bobo\UniServerZ\core\mysql\bin\mysqld_z.exe: Shutdown complete

151009 16:04:05 [Note] Plugin 'FEDERATED' is disabled.
151009 16:04:05 InnoDB: The InnoDB memory heap is disabled
151009 16:04:05 InnoDB: Mutexes and rw_locks use Windows interlocked functions
151009 16:04:05 InnoDB: Compressed tables use zlib 1.2.3
151009 16:04:05 InnoDB: Initializing buffer pool, size = 16.0M
151009 16:04:05 InnoDB: Completed initialization of buffer pool
151009 16:04:05 InnoDB: highest supported file format is Barracuda.
151009 16:04:05  InnoDB: Waiting for the background threads to start
151009 16:04:06 InnoDB: 5.5.45 started; log sequence number 1595675
151009 16:04:06 [Note] Server hostname (bind-address): '127.0.0.1'; port: 3306
151009 16:04:06 [Note]   - '127.0.0.1' resolves to '127.0.0.1';
151009 16:04:06 [Note] Server socket created on IP: '127.0.0.1'.
151009 16:04:06 [Note] Event Scheduler: Loaded 0 events
151009 16:04:06 [Note] C:\Users\Youcef\Dropbox\Bobo\UniServerZ\core\mysql\bin\mysqld_z.exe: ready for connections.
Version: '5.5.45'  socket: ''  port: 3306  MySQL Community Server (GPL)
151009 16:22:05 [Note] C:\Users\Youcef\Dropbox\Bobo\UniServerZ\core\mysql\bin\mysqld_z.exe: Normal shutdown

151009 16:22:05 [Note] Event Scheduler: Purging the queue. 0 events
151009 16:22:05  InnoDB: Starting shutdown...
151009 16:22:06  InnoDB: Shutdown completed; log sequence number 1595675
151009 16:22:06 [Note] C:\Users\Youcef\Dropbox\Bobo\UniServerZ\core\mysql\bin\mysqld_z.exe: Shutdown complete

151009 16:22:27 [Note] Plugin 'FEDERATED' is disabled.
151009 16:22:27 InnoDB: The InnoDB memory heap is disabled
151009 16:22:27 InnoDB: Mutexes and rw_locks use Windows interlocked functions
151009 16:22:27 InnoDB: Compressed tables use zlib 1.2.3
151009 16:22:27 InnoDB: Initializing buffer pool, size = 16.0M
151009 16:22:27 InnoDB: Completed initialization of buffer pool
151009 16:22:27 InnoDB: highest supported file format is Barracuda.
151009 16:22:27  InnoDB: Waiting for the background threads to start
151009 16:22:28 InnoDB: 5.5.45 started; log sequence number 1595675
151009 16:22:28 [Note] Server hostname (bind-address): '127.0.0.1'; port: 3306
151009 16:22:28 [Note]   - '127.0.0.1' resolves to '127.0.0.1';
151009 16:22:28 [Note] Server socket created on IP: '127.0.0.1'.
151009 16:22:28 [Note] Event Scheduler: Loaded 0 events
151009 16:22:28 [Note] C:\Users\Youcef\Dropbox\Bobo\UniServerZ\core\mysql\bin\mysqld_z.exe: ready for connections.
Version: '5.5.45'  socket: ''  port: 3306  MySQL Community Server (GPL)
151009 16:30:24 [Note] Plugin 'FEDERATED' is disabled.
151009 16:30:24 InnoDB: The InnoDB memory heap is disabled
151009 16:30:24 InnoDB: Mutexes and rw_locks use Windows interlocked functions
151009 16:30:24 InnoDB: Compressed tables use zlib 1.2.3
151009 16:30:24 InnoDB: Initializing buffer pool, size = 16.0M
151009 16:30:24 InnoDB: Completed initialization of buffer pool
151009 16:30:24 InnoDB: highest supported file format is Barracuda.
151009 16:30:24  InnoDB: Waiting for the background threads to start
151009 16:30:25 InnoDB: 5.5.45 started; log sequence number 1595675
151009 16:30:25 [Note] Server hostname (bind-address): '127.0.0.1'; port: 3306
151009 16:30:25 [Note]   - '127.0.0.1' resolves to '127.0.0.1';
151009 16:30:25 [Note] Server socket created on IP: '127.0.0.1'.
151009 16:30:25 [Note] Event Scheduler: Loaded 0 events
151009 16:30:25 [Note] C:\Users\daniel\Dropbox\Bobo\UniServerZ\core\mysql\bin\mysqld_z.exe: ready for connections.
Version: '5.5.45'  socket: ''  port: 3306  MySQL Community Server (GPL)
151009 16:37:17 [Note] Plugin 'FEDERATED' is disabled.
151009 16:37:17 InnoDB: The InnoDB memory heap is disabled
151009 16:37:17 InnoDB: Mutexes and rw_locks use Windows interlocked functions
151009 16:37:17 InnoDB: Compressed tables use zlib 1.2.3
151009 16:37:17 InnoDB: Initializing buffer pool, size = 16.0M
151009 16:37:17 InnoDB: Completed initialization of buffer pool
151009 16:37:17 InnoDB: highest supported file format is Barracuda.
151009 16:37:17  InnoDB: Waiting for the background threads to start
151009 16:37:18 InnoDB: 5.5.45 started; log sequence number 1595675
151009 16:37:18 [Note] Server hostname (bind-address): '127.0.0.1'; port: 3306
151009 16:37:18 [Note]   - '127.0.0.1' resolves to '127.0.0.1';
151009 16:37:18 [Note] Server socket created on IP: '127.0.0.1'.
151009 16:37:18 [Note] Event Scheduler: Loaded 0 events
151009 16:37:18 [Note] C:\Users\Youcef\Dropbox\Bobo\UniServerZ\core\mysql\bin\mysqld_z.exe: ready for connections.
Version: '5.5.45'  socket: ''  port: 3306  MySQL Community Server (GPL)
151009 16:37:19 [Note] C:\Users\Youcef\Dropbox\Bobo\UniServerZ\core\mysql\bin\mysqld_z.exe: Normal shutdown

151009 16:37:19 [Note] Event Scheduler: Purging the queue. 0 events
151009 16:37:19  InnoDB: Starting shutdown...
151009 16:37:20  InnoDB: Shutdown completed; log sequence number 1595675
151009 16:37:20 [Note] C:\Users\Youcef\Dropbox\Bobo\UniServerZ\core\mysql\bin\mysqld_z.exe: Shutdown complete

151009 16:37:49 [Note] Plugin 'FEDERATED' is disabled.
151009 16:37:49 InnoDB: The InnoDB memory heap is disabled
151009 16:37:49 InnoDB: Mutexes and rw_locks use Windows interlocked functions
151009 16:37:49 InnoDB: Compressed tables use zlib 1.2.3
151009 16:37:49 InnoDB: Initializing buffer pool, size = 16.0M
151009 16:37:49 InnoDB: Completed initialization of buffer pool
151009 16:37:49 InnoDB: highest supported file format is Barracuda.
151009 16:37:49  InnoDB: Waiting for the background threads to start
151009 16:37:50 InnoDB: 5.5.45 started; log sequence number 1595675
151009 16:37:50 [Note] Server hostname (bind-address): '127.0.0.1'; port: 3306
151009 16:37:50 [Note]   - '127.0.0.1' resolves to '127.0.0.1';
151009 16:37:50 [Note] Server socket created on IP: '127.0.0.1'.
151009 16:37:50 [Note] Event Scheduler: Loaded 0 events
151009 16:37:50 [Note] C:\Users\Youcef\Dropbox\Bobo\UniServerZ\core\mysql\bin\mysqld_z.exe: ready for connections.
Version: '5.5.45'  socket: ''  port: 3306  MySQL Community Server (GPL)
151009 16:47:20 [Note] C:\Users\Youcef\Dropbox\Bobo\UniServerZ\core\mysql\bin\mysqld_z.exe: Normal shutdown

151009 16:47:20 [Note] Event Scheduler: Purging the queue. 0 events
151009 16:47:20  InnoDB: Starting shutdown...
151009 16:47:21  InnoDB: Shutdown completed; log sequence number 1595685
151009 16:47:21 [Note] C:\Users\Youcef\Dropbox\Bobo\UniServerZ\core\mysql\bin\mysqld_z.exe: Shutdown complete

151009 16:49:32 [Note] Plugin 'FEDERATED' is disabled.
151009 16:49:32 InnoDB: The InnoDB memory heap is disabled
151009 16:49:32 InnoDB: Mutexes and rw_locks use Windows interlocked functions
151009 16:49:32 InnoDB: Compressed tables use zlib 1.2.3
151009 16:49:32 InnoDB: Initializing buffer pool, size = 16.0M
151009 16:49:32 InnoDB: Completed initialization of buffer pool
151009 16:49:32 InnoDB: highest supported file format is Barracuda.
151009 16:49:32  InnoDB: Waiting for the background threads to start
151009 16:49:33 InnoDB: 5.5.45 started; log sequence number 1595685
151009 16:49:33 [Note] Server hostname (bind-address): '127.0.0.1'; port: 3306
151009 16:49:33 [Note]   - '127.0.0.1' resolves to '127.0.0.1';
151009 16:49:33 [Note] Server socket created on IP: '127.0.0.1'.
151009 16:49:33 [Note] Event Scheduler: Loaded 0 events
151009 16:49:33 [Note] C:\Users\Youcef\Dropbox\Bobo\UniServerZ\core\mysql\bin\mysqld_z.exe: ready for connections.
Version: '5.5.45'  socket: ''  port: 3306  MySQL Community Server (GPL)
151010  1:52:43 [Note] Plugin 'FEDERATED' is disabled.
151010  1:52:43 InnoDB: The InnoDB memory heap is disabled
151010  1:52:43 InnoDB: Mutexes and rw_locks use Windows interlocked functions
151010  1:52:43 InnoDB: Compressed tables use zlib 1.2.3
151010  1:52:43 InnoDB: Initializing buffer pool, size = 16.0M
151010  1:52:43 InnoDB: Completed initialization of buffer pool
151010  1:52:43 InnoDB: highest supported file format is Barracuda.
151010  1:52:43  InnoDB: Waiting for the background threads to start
151010  1:52:44 InnoDB: 5.5.45 started; log sequence number 1595685
151010  1:52:44 [Note] Server hostname (bind-address): '127.0.0.1'; port: 3306
151010  1:52:44 [Note]   - '127.0.0.1' resolves to '127.0.0.1';
151010  1:52:44 [Note] Server socket created on IP: '127.0.0.1'.
151010  1:52:45 [Note] Event Scheduler: Loaded 0 events
151010  1:52:45 [Note] C:\Users\Youcef\Dropbox\Bobo\UniServerZ\core\mysql\bin\mysqld_z.exe: ready for connections.
Version: '5.5.45'  socket: ''  port: 3306  MySQL Community Server (GPL)
151010  1:53:15 [Note] C:\Users\Youcef\Dropbox\Bobo\UniServerZ\core\mysql\bin\mysqld_z.exe: Normal shutdown

151010  1:53:15 [Note] Event Scheduler: Purging the queue. 0 events
151010  1:53:15  InnoDB: Starting shutdown...
151010  1:53:15  InnoDB: Shutdown completed; log sequence number 1595685
151010  1:53:15 [Note] C:\Users\Youcef\Dropbox\Bobo\UniServerZ\core\mysql\bin\mysqld_z.exe: Shutdown complete

151012 14:10:31 [Note] Plugin 'FEDERATED' is disabled.
151012 14:10:31 InnoDB: The InnoDB memory heap is disabled
151012 14:10:31 InnoDB: Mutexes and rw_locks use Windows interlocked functions
151012 14:10:31 InnoDB: Compressed tables use zlib 1.2.3
151012 14:10:31 InnoDB: Initializing buffer pool, size = 16.0M
151012 14:10:31 InnoDB: Completed initialization of buffer pool
151012 14:10:31 InnoDB: highest supported file format is Barracuda.
151012 14:10:31  InnoDB: Waiting for the background threads to start
151012 14:10:32 InnoDB: 5.5.45 started; log sequence number 1595685
151012 14:10:32 [Note] Server hostname (bind-address): '127.0.0.1'; port: 3306
151012 14:10:32 [Note]   - '127.0.0.1' resolves to '127.0.0.1';
151012 14:10:32 [Note] Server socket created on IP: '127.0.0.1'.
151012 14:10:33 [Note] Event Scheduler: Loaded 0 events
151012 14:10:33 [Note] C:\Users\Youcef\Dropbox\Bobo\UniServerZ\core\mysql\bin\mysqld_z.exe: ready for connections.
Version: '5.5.45'  socket: ''  port: 3306  MySQL Community Server (GPL)
151015 10:15:04 [Note] Plugin 'FEDERATED' is disabled.
151015 10:15:04 InnoDB: The InnoDB memory heap is disabled
151015 10:15:04 InnoDB: Mutexes and rw_locks use Windows interlocked functions
151015 10:15:04 InnoDB: Compressed tables use zlib 1.2.3
151015 10:15:04 InnoDB: Initializing buffer pool, size = 16.0M
151015 10:15:04 InnoDB: Completed initialization of buffer pool
151015 10:15:04 InnoDB: highest supported file format is Barracuda.
151015 10:15:04  InnoDB: Waiting for the background threads to start
151015 10:15:05 InnoDB: 5.5.45 started; log sequence number 1595685
151015 10:15:05 [Note] Server hostname (bind-address): '127.0.0.1'; port: 3306
151015 10:15:05 [Note]   - '127.0.0.1' resolves to '127.0.0.1';
151015 10:15:05 [Note] Server socket created on IP: '127.0.0.1'.
151015 10:15:05 [Note] Event Scheduler: Loaded 0 events
151015 10:15:05 [Note] C:\Users\Youcef\Dropbox\Bobo\UniServerZ\core\mysql\bin\mysqld_z.exe: ready for connections.
Version: '5.5.45'  socket: ''  port: 3306  MySQL Community Server (GPL)
151015 12:32:57 [Note] C:\Users\Youcef\Dropbox\Bobo\UniServerZ\core\mysql\bin\mysqld_z.exe: Normal shutdown

151015 12:32:57 [Note] Event Scheduler: Purging the queue. 0 events
151015 12:32:57  InnoDB: Starting shutdown...
151015 12:32:57  InnoDB: Shutdown completed; log sequence number 1595685
151015 12:32:57 [Note] C:\Users\Youcef\Dropbox\Bobo\UniServerZ\core\mysql\bin\mysqld_z.exe: Shutdown complete

151016 14:10:57 [Note] Plugin 'FEDERATED' is disabled.
151016 14:10:57 InnoDB: The InnoDB memory heap is disabled
151016 14:10:57 InnoDB: Mutexes and rw_locks use Windows interlocked functions
151016 14:10:57 InnoDB: Compressed tables use zlib 1.2.3
151016 14:10:57 InnoDB: Initializing buffer pool, size = 16.0M
151016 14:10:57 InnoDB: Completed initialization of buffer pool
151016 14:10:57 InnoDB: highest supported file format is Barracuda.
151016 14:10:57  InnoDB: Waiting for the background threads to start
151016 14:10:58 InnoDB: 5.5.45 started; log sequence number 1595685
151016 14:10:58 [Note] Server hostname (bind-address): '127.0.0.1'; port: 3306
151016 14:10:58 [Note]   - '127.0.0.1' resolves to '127.0.0.1';
151016 14:10:58 [Note] Server socket created on IP: '127.0.0.1'.
151016 14:10:58 [Note] Event Scheduler: Loaded 0 events
151016 14:10:58 [Note] C:\Users\Youcef\Dropbox\Bobo\UniServerZ\core\mysql\bin\mysqld_z.exe: ready for connections.
Version: '5.5.45'  socket: ''  port: 3306  MySQL Community Server (GPL)
151016 15:07:14 [Note] C:\Users\Youcef\Dropbox\Bobo\UniServerZ\core\mysql\bin\mysqld_z.exe: Normal shutdown

151016 15:07:14 [Note] Event Scheduler: Purging the queue. 0 events
151016 15:07:14  InnoDB: Starting shutdown...
151016 15:07:15  InnoDB: Shutdown completed; log sequence number 1595685
151016 15:07:15 [Note] C:\Users\Youcef\Dropbox\Bobo\UniServerZ\core\mysql\bin\mysqld_z.exe: Shutdown complete

151016 16:17:28 [Note] Plugin 'FEDERATED' is disabled.
151016 16:17:28 InnoDB: The InnoDB memory heap is disabled
151016 16:17:28 InnoDB: Mutexes and rw_locks use Windows interlocked functions
151016 16:17:28 InnoDB: Compressed tables use zlib 1.2.3
151016 16:17:28 InnoDB: Initializing buffer pool, size = 16.0M
151016 16:17:28 InnoDB: Completed initialization of buffer pool
151016 16:17:28 InnoDB: highest supported file format is Barracuda.
151016 16:17:28  InnoDB: Waiting for the background threads to start
151016 16:17:29 InnoDB: 5.5.45 started; log sequence number 1595685
151016 16:17:29 [Note] Server hostname (bind-address): '127.0.0.1'; port: 3306
151016 16:17:29 [Note]   - '127.0.0.1' resolves to '127.0.0.1';
151016 16:17:29 [Note] Server socket created on IP: '127.0.0.1'.
151016 16:17:29 [Note] Event Scheduler: Loaded 0 events
151016 16:17:29 [Note] C:\Users\Youcef\Dropbox\Bobo\UniServerZ\core\mysql\bin\mysqld_z.exe: ready for connections.
Version: '5.5.45'  socket: ''  port: 3306  MySQL Community Server (GPL)
151030 12:27:33 [Note] Plugin 'FEDERATED' is disabled.
151030 12:27:33 InnoDB: The InnoDB memory heap is disabled
151030 12:27:33 InnoDB: Mutexes and rw_locks use Windows interlocked functions
151030 12:27:33 InnoDB: Compressed tables use zlib 1.2.3
151030 12:27:33 InnoDB: Initializing buffer pool, size = 16.0M
151030 12:27:33 InnoDB: Completed initialization of buffer pool
151030 12:27:34 InnoDB: highest supported file format is Barracuda.
151030 12:27:34  InnoDB: Waiting for the background threads to start
151030 12:27:35 InnoDB: 5.5.45 started; log sequence number 1595685
151030 12:27:35 [Note] Server hostname (bind-address): '127.0.0.1'; port: 3306
151030 12:27:35 [Note]   - '127.0.0.1' resolves to '127.0.0.1';
151030 12:27:35 [Note] Server socket created on IP: '127.0.0.1'.
151030 12:27:35 [Note] Event Scheduler: Loaded 0 events
151030 12:27:35 [Note] C:\Users\Youcef\Dropbox\Bobo\UniServerZ\core\mysql\bin\mysqld_z.exe: ready for connections.
Version: '5.5.45'  socket: ''  port: 3306  MySQL Community Server (GPL)
151030 12:40:45 [Note] Plugin 'FEDERATED' is disabled.
151030 12:40:45 InnoDB: The InnoDB memory heap is disabled
151030 12:40:45 InnoDB: Mutexes and rw_locks use Windows interlocked functions
151030 12:40:45 InnoDB: Compressed tables use zlib 1.2.3
151030 12:40:45 InnoDB: Initializing buffer pool, size = 16.0M
151030 12:40:45 InnoDB: Completed initialization of buffer pool
151030 12:40:45 InnoDB: highest supported file format is Barracuda.
151030 12:40:45  InnoDB: Waiting for the background threads to start
151030 12:40:46 InnoDB: 5.5.45 started; log sequence number 1595685
151030 12:40:46 [Note] Server hostname (bind-address): '127.0.0.1'; port: 3306
151030 12:40:46 [Note]   - '127.0.0.1' resolves to '127.0.0.1';
151030 12:40:46 [Note] Server socket created on IP: '127.0.0.1'.
151030 12:40:46 [Note] Event Scheduler: Loaded 0 events
151030 12:40:46 [Note] C:\UniServerZ\core\mysql\bin\mysqld_z.exe: ready for connections.
Version: '5.5.45'  socket: ''  port: 3306  MySQL Community Server (GPL)
151030 12:52:37 [Note] C:\UniServerZ\core\mysql\bin\mysqld_z.exe: Normal shutdown

151030 12:52:37 [Note] Event Scheduler: Purging the queue. 0 events
151030 12:52:37  InnoDB: Starting shutdown...
151030 12:52:38  InnoDB: Shutdown completed; log sequence number 1595685
151030 12:52:38 [Note] C:\UniServerZ\core\mysql\bin\mysqld_z.exe: Shutdown complete

151030 13:27:27 [Note] Plugin 'FEDERATED' is disabled.
151030 13:27:27 InnoDB: The InnoDB memory heap is disabled
151030 13:27:27 InnoDB: Mutexes and rw_locks use Windows interlocked functions
151030 13:27:27 InnoDB: Compressed tables use zlib 1.2.3
151030 13:27:27 InnoDB: Initializing buffer pool, size = 16.0M
151030 13:27:27 InnoDB: Completed initialization of buffer pool
151030 13:27:27 InnoDB: highest supported file format is Barracuda.
151030 13:27:27  InnoDB: Waiting for the background threads to start
151030 13:27:28 InnoDB: 5.5.45 started; log sequence number 1595685
151030 13:27:28 [Note] Server hostname (bind-address): '127.0.0.1'; port: 3306
151030 13:27:28 [Note]   - '127.0.0.1' resolves to '127.0.0.1';
151030 13:27:28 [Note] Server socket created on IP: '127.0.0.1'.
151030 13:27:28 [Note] Event Scheduler: Loaded 0 events
151030 13:27:28 [Note] C:\UniServerZ\core\mysql\bin\mysqld_z.exe: ready for connections.
Version: '5.5.45'  socket: ''  port: 3306  MySQL Community Server (GPL)
151030 14:44:24 [Note] C:\UniServerZ\core\mysql\bin\mysqld_z.exe: Normal shutdown

151030 14:44:24 [Note] Event Scheduler: Purging the queue. 0 events
151030 14:44:24  InnoDB: Starting shutdown...
151030 14:44:24  InnoDB: Shutdown completed; log sequence number 1595685
151030 14:44:24 [Note] C:\UniServerZ\core\mysql\bin\mysqld_z.exe: Shutdown complete

151030 14:58:19 [Note] Plugin 'FEDERATED' is disabled.
151030 14:58:19 InnoDB: The InnoDB memory heap is disabled
151030 14:58:19 InnoDB: Mutexes and rw_locks use Windows interlocked functions
151030 14:58:19 InnoDB: Compressed tables use zlib 1.2.3
151030 14:58:19 InnoDB: Initializing buffer pool, size = 16.0M
151030 14:58:19 InnoDB: Completed initialization of buffer pool
151030 14:58:19 InnoDB: highest supported file format is Barracuda.
151030 14:58:19  InnoDB: Waiting for the background threads to start
151030 14:58:20 InnoDB: 5.5.45 started; log sequence number 1595685
151030 14:58:20 [Note] Server hostname (bind-address): '127.0.0.1'; port: 3306
151030 14:58:20 [Note]   - '127.0.0.1' resolves to '127.0.0.1';
151030 14:58:20 [Note] Server socket created on IP: '127.0.0.1'.
151030 14:58:20 [Note] Event Scheduler: Loaded 0 events
151030 14:58:20 [Note] C:\UniServerZ\core\mysql\bin\mysqld_z.exe: ready for connections.
Version: '5.5.45'  socket: ''  port: 3306  MySQL Community Server (GPL)
151030 15:11:59 [Note] C:\UniServerZ\core\mysql\bin\mysqld_z.exe: Normal shutdown

151030 15:11:59 [Note] Event Scheduler: Purging the queue. 0 events
151030 15:11:59  InnoDB: Starting shutdown...
151030 15:12:00  InnoDB: Shutdown completed; log sequence number 1599149
151030 15:12:00 [Note] C:\UniServerZ\core\mysql\bin\mysqld_z.exe: Shutdown complete

151030 15:12:14 [Note] Plugin 'FEDERATED' is disabled.
151030 15:12:14 InnoDB: The InnoDB memory heap is disabled
151030 15:12:14 InnoDB: Mutexes and rw_locks use Windows interlocked functions
151030 15:12:14 InnoDB: Compressed tables use zlib 1.2.3
151030 15:12:14 InnoDB: Initializing buffer pool, size = 16.0M
151030 15:12:14 InnoDB: Completed initialization of buffer pool
151030 15:12:14 InnoDB: highest supported file format is Barracuda.
151030 15:12:14  InnoDB: Waiting for the background threads to start
151030 15:12:15 InnoDB: 5.5.45 started; log sequence number 1599149
151030 15:12:15 [Note] Server hostname (bind-address): '127.0.0.1'; port: 3306
151030 15:12:15 [Note]   - '127.0.0.1' resolves to '127.0.0.1';
151030 15:12:15 [Note] Server socket created on IP: '127.0.0.1'.
151030 15:12:15 [Note] Event Scheduler: Loaded 0 events
151030 15:12:15 [Note] C:\UniServerZ\core\mysql\bin\mysqld_z.exe: ready for connections.
Version: '5.5.45'  socket: ''  port: 3306  MySQL Community Server (GPL)
151030 15:25:50 [Note] C:\UniServerZ\core\mysql\bin\mysqld_z.exe: Normal shutdown

151030 15:25:50 [Note] Event Scheduler: Purging the queue. 0 events
151030 15:25:50  InnoDB: Starting shutdown...
151030 15:25:51  InnoDB: Shutdown completed; log sequence number 1599159
151030 15:25:51 [Note] C:\UniServerZ\core\mysql\bin\mysqld_z.exe: Shutdown complete

151030 15:31:19 [Note] Plugin 'FEDERATED' is disabled.
151030 15:31:19 InnoDB: The InnoDB memory heap is disabled
151030 15:31:19 InnoDB: Mutexes and rw_locks use Windows interlocked functions
151030 15:31:19 InnoDB: Compressed tables use zlib 1.2.3
151030 15:31:19 InnoDB: Initializing buffer pool, size = 16.0M
151030 15:31:19 InnoDB: Completed initialization of buffer pool
151030 15:31:19 InnoDB: highest supported file format is Barracuda.
151030 15:31:19  InnoDB: Waiting for the background threads to start
151030 15:31:20 InnoDB: 5.5.45 started; log sequence number 1599159
151030 15:31:20 [Note] Server hostname (bind-address): '127.0.0.1'; port: 3306
151030 15:31:20 [Note]   - '127.0.0.1' resolves to '127.0.0.1';
151030 15:31:20 [Note] Server socket created on IP: '127.0.0.1'.
151030 15:31:20 [Note] Event Scheduler: Loaded 0 events
151030 15:31:20 [Note] C:\UniServerZ\core\mysql\bin\mysqld_z.exe: ready for connections.
Version: '5.5.45'  socket: ''  port: 3306  MySQL Community Server (GPL)
151030 15:36:47 [Note] C:\UniServerZ\core\mysql\bin\mysqld_z.exe: Normal shutdown

151030 15:36:47 [Note] Event Scheduler: Purging the queue. 0 events
151030 15:36:47  InnoDB: Starting shutdown...
151030 15:36:47  InnoDB: Shutdown completed; log sequence number 1600993
151030 15:36:47 [Note] C:\UniServerZ\core\mysql\bin\mysqld_z.exe: Shutdown complete

151030 15:38:51 [Note] Plugin 'FEDERATED' is disabled.
151030 15:38:51 InnoDB: The InnoDB memory heap is disabled
151030 15:38:51 InnoDB: Mutexes and rw_locks use Windows interlocked functions
151030 15:38:51 InnoDB: Compressed tables use zlib 1.2.3
151030 15:38:51 InnoDB: Initializing buffer pool, size = 16.0M
151030 15:38:51 InnoDB: Completed initialization of buffer pool
151030 15:38:51 InnoDB: highest supported file format is Barracuda.
151030 15:38:51  InnoDB: Waiting for the background threads to start
151030 15:38:52 InnoDB: 5.5.45 started; log sequence number 1600993
151030 15:38:52 [Note] Server hostname (bind-address): '127.0.0.1'; port: 3306
151030 15:38:52 [Note]   - '127.0.0.1' resolves to '127.0.0.1';
151030 15:38:52 [Note] Server socket created on IP: '127.0.0.1'.
151030 15:38:52 [Note] Event Scheduler: Loaded 0 events
151030 15:38:52 [Note] C:\UniServerZ\core\mysql\bin\mysqld_z.exe: ready for connections.
Version: '5.5.45'  socket: ''  port: 3306  MySQL Community Server (GPL)
151030 19:18:55 [Note] C:\UniServerZ\core\mysql\bin\mysqld_z.exe: Normal shutdown

151030 19:18:55 [Note] Event Scheduler: Purging the queue. 0 events
151030 19:18:55  InnoDB: Starting shutdown...
151030 19:18:57  InnoDB: Shutdown completed; log sequence number 1631048
151030 19:18:57 [Note] C:\UniServerZ\core\mysql\bin\mysqld_z.exe: Shutdown complete

151030 19:19:53 [Note] Plugin 'FEDERATED' is disabled.
151030 19:19:53 InnoDB: The InnoDB memory heap is disabled
151030 19:19:53 InnoDB: Mutexes and rw_locks use Windows interlocked functions
151030 19:19:53 InnoDB: Compressed tables use zlib 1.2.3
151030 19:19:53 InnoDB: Initializing buffer pool, size = 16.0M
151030 19:19:53 InnoDB: Completed initialization of buffer pool
151030 19:19:53 InnoDB: highest supported file format is Barracuda.
151030 19:19:53  InnoDB: Waiting for the background threads to start
151030 19:19:54 InnoDB: 5.5.45 started; log sequence number 1631048
151030 19:19:54 [Note] Server hostname (bind-address): '127.0.0.1'; port: 3306
151030 19:19:54 [Note]   - '127.0.0.1' resolves to '127.0.0.1';
151030 19:19:54 [Note] Server socket created on IP: '127.0.0.1'.
151030 19:19:54 [Note] Event Scheduler: Loaded 0 events
151030 19:19:54 [Note] C:\UniServerZ\core\mysql\bin\mysqld_z.exe: ready for connections.
Version: '5.5.45'  socket: ''  port: 3306  MySQL Community Server (GPL)
151102 14:32:27 [Note] Plugin 'FEDERATED' is disabled.
151102 14:32:27 InnoDB: The InnoDB memory heap is disabled
151102 14:32:27 InnoDB: Mutexes and rw_locks use Windows interlocked functions
151102 14:32:27 InnoDB: Compressed tables use zlib 1.2.3
151102 14:32:27 InnoDB: Initializing buffer pool, size = 16.0M
151102 14:32:27 InnoDB: Completed initialization of buffer pool
151102 14:32:27 InnoDB: highest supported file format is Barracuda.
InnoDB: The log sequence number in ibdata files does not match
InnoDB: the log sequence number in the ib_logfiles!
151102 14:32:27  InnoDB: Database was not shut down normally!
InnoDB: Starting crash recovery.
InnoDB: Reading tablespace information from the .ibd files...
InnoDB: Restoring possible half-written data pages from the doublewrite
InnoDB: buffer...
151102 14:32:27  InnoDB: Waiting for the background threads to start
151102 14:32:28 InnoDB: 5.5.45 started; log sequence number 1631267
151102 14:32:28 [Note] Server hostname (bind-address): '127.0.0.1'; port: 3306
151102 14:32:28 [Note]   - '127.0.0.1' resolves to '127.0.0.1';
151102 14:32:28 [Note] Server socket created on IP: '127.0.0.1'.
151102 14:32:28 [Note] Event Scheduler: Loaded 0 events
151102 14:32:28 [Note] C:\UniServerZ\core\mysql\bin\mysqld_z.exe: ready for connections.
Version: '5.5.45'  socket: ''  port: 3306  MySQL Community Server (GPL)
151103  9:35:51 [Note] Plugin 'FEDERATED' is disabled.
151103  9:35:51 InnoDB: The InnoDB memory heap is disabled
151103  9:35:51 InnoDB: Mutexes and rw_locks use Windows interlocked functions
151103  9:35:51 InnoDB: Compressed tables use zlib 1.2.3
151103  9:35:51 InnoDB: Initializing buffer pool, size = 16.0M
151103  9:35:51 InnoDB: Completed initialization of buffer pool
151103  9:35:51 InnoDB: highest supported file format is Barracuda.
InnoDB: The log sequence number in ibdata files does not match
InnoDB: the log sequence number in the ib_logfiles!
151103  9:35:51  InnoDB: Database was not shut down normally!
InnoDB: Starting crash recovery.
InnoDB: Reading tablespace information from the .ibd files...
InnoDB: Restoring possible half-written data pages from the doublewrite
InnoDB: buffer...
151103  9:35:51  InnoDB: Waiting for the background threads to start
151103  9:35:52 InnoDB: 5.5.45 started; log sequence number 1631472
151103  9:35:52 [Note] Server hostname (bind-address): '127.0.0.1'; port: 3306
151103  9:35:52 [Note]   - '127.0.0.1' resolves to '127.0.0.1';
151103  9:35:52 [Note] Server socket created on IP: '127.0.0.1'.
151103  9:35:52 [Note] Event Scheduler: Loaded 0 events
151103  9:35:52 [Note] C:\UniServerZ\core\mysql\bin\mysqld_z.exe: ready for connections.
Version: '5.5.45'  socket: ''  port: 3306  MySQL Community Server (GPL)
151103 13:35:01 [Note] C:\UniServerZ\core\mysql\bin\mysqld_z.exe: Normal shutdown

151103 13:35:01 [Note] Event Scheduler: Purging the queue. 0 events
151103 13:35:01  InnoDB: Starting shutdown...
151103 13:35:02  InnoDB: Shutdown completed; log sequence number 1632432
151103 13:35:02 [Note] C:\UniServerZ\core\mysql\bin\mysqld_z.exe: Shutdown complete

151103 13:44:44 [Note] Plugin 'FEDERATED' is disabled.
151103 13:44:44 InnoDB: The InnoDB memory heap is disabled
151103 13:44:44 InnoDB: Mutexes and rw_locks use Windows interlocked functions
151103 13:44:44 InnoDB: Compressed tables use zlib 1.2.3
151103 13:44:44 InnoDB: Initializing buffer pool, size = 16.0M
151103 13:44:44 InnoDB: Completed initialization of buffer pool
151103 13:44:44 InnoDB: highest supported file format is Barracuda.
151103 13:44:44  InnoDB: Waiting for the background threads to start
151103 13:44:45 InnoDB: 5.5.45 started; log sequence number 1632432
151103 13:44:45 [Note] Server hostname (bind-address): '127.0.0.1'; port: 3306
151103 13:44:45 [Note]   - '127.0.0.1' resolves to '127.0.0.1';
151103 13:44:45 [Note] Server socket created on IP: '127.0.0.1'.
151103 13:44:45 [Note] Event Scheduler: Loaded 0 events
151103 13:44:45 [Note] C:\UniServerZ\core\mysql\bin\mysqld_z.exe: ready for connections.
Version: '5.5.45'  socket: ''  port: 3306  MySQL Community Server (GPL)
151103 14:22:54 [Note] C:\UniServerZ\core\mysql\bin\mysqld_z.exe: Normal shutdown

151103 14:22:54 [Note] Event Scheduler: Purging the queue. 0 events
151103 14:22:54  InnoDB: Starting shutdown...
151103 14:22:55  InnoDB: Shutdown completed; log sequence number 3328138
151103 14:22:55 [Note] C:\UniServerZ\core\mysql\bin\mysqld_z.exe: Shutdown complete

151103 14:36:21 [Note] Plugin 'FEDERATED' is disabled.
151103 14:36:21 InnoDB: The InnoDB memory heap is disabled
151103 14:36:21 InnoDB: Mutexes and rw_locks use Windows interlocked functions
151103 14:36:21 InnoDB: Compressed tables use zlib 1.2.3
151103 14:36:21 InnoDB: Initializing buffer pool, size = 16.0M
151103 14:36:21 InnoDB: Completed initialization of buffer pool
151103 14:36:21 InnoDB: highest supported file format is Barracuda.
151103 14:36:21  InnoDB: Waiting for the background threads to start
151103 14:36:22 InnoDB: 5.5.45 started; log sequence number 3328138
151103 14:36:22 [Note] Server hostname (bind-address): '127.0.0.1'; port: 3306
151103 14:36:22 [Note]   - '127.0.0.1' resolves to '127.0.0.1';
151103 14:36:22 [Note] Server socket created on IP: '127.0.0.1'.
151103 14:36:22 [Note] Event Scheduler: Loaded 0 events
151103 14:36:22 [Note] C:\UniServerZ\core\mysql\bin\mysqld_z.exe: ready for connections.
Version: '5.5.45'  socket: ''  port: 3306  MySQL Community Server (GPL)
151104 15:47:50 [Note] Plugin 'FEDERATED' is disabled.
151104 15:47:50 InnoDB: The InnoDB memory heap is disabled
151104 15:47:50 InnoDB: Mutexes and rw_locks use Windows interlocked functions
151104 15:47:50 InnoDB: Compressed tables use zlib 1.2.3
151104 15:47:50 InnoDB: Initializing buffer pool, size = 16.0M
151104 15:47:50 InnoDB: Completed initialization of buffer pool
151104 15:47:50 InnoDB: highest supported file format is Barracuda.
InnoDB: The log sequence number in ibdata files does not match
InnoDB: the log sequence number in the ib_logfiles!
151104 15:47:50  InnoDB: Database was not shut down normally!
InnoDB: Starting crash recovery.
InnoDB: Reading tablespace information from the .ibd files...
InnoDB: Restoring possible half-written data pages from the doublewrite
InnoDB: buffer...
151104 15:47:50  InnoDB: Waiting for the background threads to start
151104 15:47:51 InnoDB: 5.5.45 started; log sequence number 3328148
151104 15:47:51 [Note] Server hostname (bind-address): '127.0.0.1'; port: 3306
151104 15:47:51 [Note]   - '127.0.0.1' resolves to '127.0.0.1';
151104 15:47:51 [Note] Server socket created on IP: '127.0.0.1'.
151104 15:47:51 [Note] Event Scheduler: Loaded 0 events
151104 15:47:51 [Note] C:\UniServerZ\core\mysql\bin\mysqld_z.exe: ready for connections.
Version: '5.5.45'  socket: ''  port: 3306  MySQL Community Server (GPL)
151105  9:17:11 [Note] Plugin 'FEDERATED' is disabled.
151105  9:17:12 InnoDB: The InnoDB memory heap is disabled
151105  9:17:12 InnoDB: Mutexes and rw_locks use Windows interlocked functions
151105  9:17:12 InnoDB: Compressed tables use zlib 1.2.3
151105  9:17:12 InnoDB: Initializing buffer pool, size = 16.0M
151105  9:17:12 InnoDB: Completed initialization of buffer pool
151105  9:17:12 InnoDB: highest supported file format is Barracuda.
InnoDB: The log sequence number in ibdata files does not match
InnoDB: the log sequence number in the ib_logfiles!
151105  9:17:12  InnoDB: Database was not shut down normally!
InnoDB: Starting crash recovery.
InnoDB: Reading tablespace information from the .ibd files...
InnoDB: Restoring possible half-written data pages from the doublewrite
InnoDB: buffer...
151105  9:17:12  InnoDB: Waiting for the background threads to start
151105  9:17:13 InnoDB: 5.5.45 started; log sequence number 3328158
151105  9:17:13 [Note] Server hostname (bind-address): '127.0.0.1'; port: 3306
151105  9:17:13 [Note]   - '127.0.0.1' resolves to '127.0.0.1';
151105  9:17:13 [Note] Server socket created on IP: '127.0.0.1'.
151105  9:17:13 [Note] Event Scheduler: Loaded 0 events
151105  9:17:13 [Note] C:\UniServerZ\core\mysql\bin\mysqld_z.exe: ready for connections.
Version: '5.5.45'  socket: ''  port: 3306  MySQL Community Server (GPL)
151106 10:34:06 [Note] Plugin 'FEDERATED' is disabled.
151106 10:34:06 InnoDB: The InnoDB memory heap is disabled
151106 10:34:06 InnoDB: Mutexes and rw_locks use Windows interlocked functions
151106 10:34:06 InnoDB: Compressed tables use zlib 1.2.3
151106 10:34:06 InnoDB: Initializing buffer pool, size = 16.0M
151106 10:34:06 InnoDB: Completed initialization of buffer pool
151106 10:34:06 InnoDB: highest supported file format is Barracuda.
InnoDB: The log sequence number in ibdata files does not match
InnoDB: the log sequence number in the ib_logfiles!
151106 10:34:06  InnoDB: Database was not shut down normally!
InnoDB: Starting crash recovery.
InnoDB: Reading tablespace information from the .ibd files...
InnoDB: Restoring possible half-written data pages from the doublewrite
InnoDB: buffer...
151106 10:34:06  InnoDB: Waiting for the background threads to start
151106 10:34:07 InnoDB: 5.5.45 started; log sequence number 3362700
151106 10:34:07 [Note] Server hostname (bind-address): '127.0.0.1'; port: 3306
151106 10:34:07 [Note]   - '127.0.0.1' resolves to '127.0.0.1';
151106 10:34:07 [Note] Server socket created on IP: '127.0.0.1'.
151106 10:34:07 [Note] Event Scheduler: Loaded 0 events
151106 10:34:07 [Note] C:\UniServerZ\core\mysql\bin\mysqld_z.exe: ready for connections.
Version: '5.5.45'  socket: ''  port: 3306  MySQL Community Server (GPL)
151106 13:47:58 [Note] C:\UniServerZ\core\mysql\bin\mysqld_z.exe: Normal shutdown

151106 13:47:58 [Note] Event Scheduler: Purging the queue. 0 events
151106 13:47:58  InnoDB: Starting shutdown...
151106 13:47:58  InnoDB: Shutdown completed; log sequence number 3363246
151106 13:47:58 [Note] C:\UniServerZ\core\mysql\bin\mysqld_z.exe: Shutdown complete

151106 13:50:20 [Note] Plugin 'FEDERATED' is disabled.
151106 13:50:21 InnoDB: The InnoDB memory heap is disabled
151106 13:50:21 InnoDB: Mutexes and rw_locks use Windows interlocked functions
151106 13:50:21 InnoDB: Compressed tables use zlib 1.2.3
151106 13:50:21 InnoDB: Initializing buffer pool, size = 16.0M
151106 13:50:21 InnoDB: Completed initialization of buffer pool
151106 13:50:21 InnoDB: highest supported file format is Barracuda.
151106 13:50:21  InnoDB: Waiting for the background threads to start
151106 13:50:22 InnoDB: 5.5.45 started; log sequence number 3363246
151106 13:50:22 [Note] Server hostname (bind-address): '127.0.0.1'; port: 3306
151106 13:50:22 [Note]   - '127.0.0.1' resolves to '127.0.0.1';
151106 13:50:22 [Note] Server socket created on IP: '127.0.0.1'.
151106 13:50:22 [Note] Event Scheduler: Loaded 0 events
151106 13:50:22 [Note] C:\UniServerZ\core\mysql\bin\mysqld_z.exe: ready for connections.
Version: '5.5.45'  socket: ''  port: 3306  MySQL Community Server (GPL)
151106 13:55:52 [Note] C:\UniServerZ\core\mysql\bin\mysqld_z.exe: Normal shutdown

151106 13:55:52 [Note] Event Scheduler: Purging the queue. 0 events
151106 13:55:52  InnoDB: Starting shutdown...
151106 13:55:53  InnoDB: Shutdown completed; log sequence number 3363256
151106 13:55:53 [Note] C:\UniServerZ\core\mysql\bin\mysqld_z.exe: Shutdown complete

151106 13:58:11 [Note] Plugin 'FEDERATED' is disabled.
151106 13:58:11 InnoDB: The InnoDB memory heap is disabled
151106 13:58:11 InnoDB: Mutexes and rw_locks use Windows interlocked functions
151106 13:58:11 InnoDB: Compressed tables use zlib 1.2.3
151106 13:58:11 InnoDB: Initializing buffer pool, size = 16.0M
151106 13:58:11 InnoDB: Completed initialization of buffer pool
151106 13:58:11 InnoDB: highest supported file format is Barracuda.
151106 13:58:11  InnoDB: Waiting for the background threads to start
151106 13:58:12 InnoDB: 5.5.45 started; log sequence number 3363256
151106 13:58:12 [Note] Server hostname (bind-address): '127.0.0.1'; port: 3306
151106 13:58:12 [Note]   - '127.0.0.1' resolves to '127.0.0.1';
151106 13:58:12 [Note] Server socket created on IP: '127.0.0.1'.
151106 13:58:12 [Note] Event Scheduler: Loaded 0 events
151106 13:58:12 [Note] C:\UniServerZ\core\mysql\bin\mysqld_z.exe: ready for connections.
Version: '5.5.45'  socket: ''  port: 3306  MySQL Community Server (GPL)
151106 14:09:45 [Note] C:\UniServerZ\core\mysql\bin\mysqld_z.exe: Normal shutdown

151106 14:09:45 [Note] Event Scheduler: Purging the queue. 0 events
151106 14:09:45  InnoDB: Starting shutdown...
151106 14:09:46  InnoDB: Shutdown completed; log sequence number 3367730
151106 14:09:46 [Note] C:\UniServerZ\core\mysql\bin\mysqld_z.exe: Shutdown complete

151106 14:09:54 [Note] Plugin 'FEDERATED' is disabled.
151106 14:09:54 InnoDB: The InnoDB memory heap is disabled
151106 14:09:54 InnoDB: Mutexes and rw_locks use Windows interlocked functions
151106 14:09:54 InnoDB: Compressed tables use zlib 1.2.3
151106 14:09:54 InnoDB: Initializing buffer pool, size = 16.0M
151106 14:09:54 InnoDB: Completed initialization of buffer pool
151106 14:09:54 InnoDB: highest supported file format is Barracuda.
151106 14:09:54  InnoDB: Waiting for the background threads to start
151106 14:09:55 InnoDB: 5.5.45 started; log sequence number 3367730
151106 14:09:55 [Note] Server hostname (bind-address): '127.0.0.1'; port: 3306
151106 14:09:55 [Note]   - '127.0.0.1' resolves to '127.0.0.1';
151106 14:09:55 [Note] Server socket created on IP: '127.0.0.1'.
151106 14:09:55 [Note] Event Scheduler: Loaded 0 events
151106 14:09:55 [Note] C:\UniServerZ\core\mysql\bin\mysqld_z.exe: ready for connections.
Version: '5.5.45'  socket: ''  port: 3306  MySQL Community Server (GPL)
151111 22:42:11 [Note] Plugin 'FEDERATED' is disabled.
151111 22:42:11 InnoDB: The InnoDB memory heap is disabled
151111 22:42:11 InnoDB: Mutexes and rw_locks use Windows interlocked functions
151111 22:42:11 InnoDB: Compressed tables use zlib 1.2.3
151111 22:42:11 InnoDB: Initializing buffer pool, size = 16.0M
151111 22:42:11 InnoDB: Completed initialization of buffer pool
151111 22:42:11 InnoDB: highest supported file format is Barracuda.
InnoDB: The log sequence number in ibdata files does not match
InnoDB: the log sequence number in the ib_logfiles!
151111 22:42:11  InnoDB: Database was not shut down normally!
InnoDB: Starting crash recovery.
InnoDB: Reading tablespace information from the .ibd files...
InnoDB: Restoring possible half-written data pages from the doublewrite
InnoDB: buffer...
151111 22:42:11  InnoDB: Waiting for the background threads to start
151111 22:42:12 InnoDB: 5.5.45 started; log sequence number 3369234
151111 22:42:12 [Note] Server hostname (bind-address): '127.0.0.1'; port: 3306
151111 22:42:12 [Note]   - '127.0.0.1' resolves to '127.0.0.1';
151111 22:42:12 [Note] Server socket created on IP: '127.0.0.1'.
151111 22:42:12 [Note] Event Scheduler: Loaded 0 events
151111 22:42:12 [Note] C:\UniServerZ\core\mysql\bin\mysqld_z.exe: ready for connections.
Version: '5.5.45'  socket: ''  port: 3306  MySQL Community Server (GPL)
151111 22:48:54 [Note] C:\UniServerZ\core\mysql\bin\mysqld_z.exe: Normal shutdown

151111 22:48:54 [Note] Event Scheduler: Purging the queue. 0 events
151111 22:48:54  InnoDB: Starting shutdown...
151111 22:48:56  InnoDB: Shutdown completed; log sequence number 3369244
151111 22:48:56 [Note] C:\UniServerZ\core\mysql\bin\mysqld_z.exe: Shutdown complete

151112  9:42:42 [Note] Plugin 'FEDERATED' is disabled.
151112  9:42:42 InnoDB: The InnoDB memory heap is disabled
151112  9:42:42 InnoDB: Mutexes and rw_locks use Windows interlocked functions
151112  9:42:42 InnoDB: Compressed tables use zlib 1.2.3
151112  9:42:42 InnoDB: Initializing buffer pool, size = 16.0M
151112  9:42:42 InnoDB: Completed initialization of buffer pool
151112  9:42:42 InnoDB: highest supported file format is Barracuda.
151112  9:42:42  InnoDB: Waiting for the background threads to start
151112  9:42:43 InnoDB: 5.5.45 started; log sequence number 3369244
151112  9:42:43 [Note] Server hostname (bind-address): '127.0.0.1'; port: 3306
151112  9:42:43 [Note]   - '127.0.0.1' resolves to '127.0.0.1';
151112  9:42:43 [Note] Server socket created on IP: '127.0.0.1'.
151112  9:42:43 [Note] Event Scheduler: Loaded 0 events
151112  9:42:43 [Note] C:\UniServerZ\core\mysql\bin\mysqld_z.exe: ready for connections.
Version: '5.5.45'  socket: ''  port: 3306  MySQL Community Server (GPL)
151112 10:40:24 [Note] Plugin 'FEDERATED' is disabled.
151112 10:40:24 InnoDB: The InnoDB memory heap is disabled
151112 10:40:24 InnoDB: Mutexes and rw_locks use Windows interlocked functions
151112 10:40:24 InnoDB: Compressed tables use zlib 1.2.3
151112 10:40:24 InnoDB: Initializing buffer pool, size = 16.0M
151112 10:40:24 InnoDB: Completed initialization of buffer pool
151112 10:40:25 InnoDB: highest supported file format is Barracuda.
InnoDB: The log sequence number in ibdata files does not match
InnoDB: the log sequence number in the ib_logfiles!
151112 10:40:25  InnoDB: Database was not shut down normally!
InnoDB: Starting crash recovery.
InnoDB: Reading tablespace information from the .ibd files...
InnoDB: Restoring possible half-written data pages from the doublewrite
InnoDB: buffer...
151112 10:40:26  InnoDB: Waiting for the background threads to start
151112 10:40:27 InnoDB: 5.5.45 started; log sequence number 3369254
151112 10:40:27 [Note] Server hostname (bind-address): '127.0.0.1'; port: 3306
151112 10:40:27 [Note]   - '127.0.0.1' resolves to '127.0.0.1';
151112 10:40:27 [Note] Server socket created on IP: '127.0.0.1'.
151112 10:40:27 [ERROR] Can't start server: Bind on TCP/IP port: No such file or directory
151112 10:40:27 [ERROR] Do you already have another mysqld server running on port: 3306 ?
151112 10:40:27 [ERROR] Aborting

151112 10:40:27  InnoDB: Starting shutdown...
151112 10:40:28  InnoDB: Shutdown completed; log sequence number 3369254
151112 10:40:28 [Note] C:\UniServerZ(12_11)\core\mysql\bin\mysqld_z.exe: Shutdown complete

151112 11:06:57 [Note] Plugin 'FEDERATED' is disabled.
151112 11:06:57 InnoDB: The InnoDB memory heap is disabled
151112 11:06:57 InnoDB: Mutexes and rw_locks use Windows interlocked functions
151112 11:06:57 InnoDB: Compressed tables use zlib 1.2.3
151112 11:06:57 InnoDB: Initializing buffer pool, size = 16.0M
151112 11:06:57 InnoDB: Completed initialization of buffer pool
151112 11:06:57 InnoDB: highest supported file format is Barracuda.
151112 11:06:57  InnoDB: Waiting for the background threads to start
151112 11:06:58 InnoDB: 5.5.45 started; log sequence number 3369254
151112 11:06:58 [Note] Server hostname (bind-address): '127.0.0.1'; port: 3306
151112 11:06:58 [Note]   - '127.0.0.1' resolves to '127.0.0.1';
151112 11:06:58 [Note] Server socket created on IP: '127.0.0.1'.
151112 11:06:58 [ERROR] Can't start server: Bind on TCP/IP port: No such file or directory
151112 11:06:58 [ERROR] Do you already have another mysqld server running on port: 3306 ?
151112 11:06:58 [ERROR] Aborting

151112 11:06:58  InnoDB: Starting shutdown...
151112 11:06:59  InnoDB: Shutdown completed; log sequence number 3369254
151112 11:06:59 [Note] C:\UniServerZ(12_11)\core\mysql\bin\mysqld_z.exe: Shutdown complete

151112 11:09:13 [Note] Plugin 'FEDERATED' is disabled.
151112 11:09:13 InnoDB: The InnoDB memory heap is disabled
151112 11:09:13 InnoDB: Mutexes and rw_locks use Windows interlocked functions
151112 11:09:13 InnoDB: Compressed tables use zlib 1.2.3
151112 11:09:13 InnoDB: Initializing buffer pool, size = 16.0M
151112 11:09:13 InnoDB: Completed initialization of buffer pool
151112 11:09:14 InnoDB: highest supported file format is Barracuda.
151112 11:09:14  InnoDB: Waiting for the background threads to start
151112 11:09:15 InnoDB: 5.5.45 started; log sequence number 3369254
151112 11:09:15 [Note] Server hostname (bind-address): '127.0.0.1'; port: 3306
151112 11:09:15 [Note]   - '127.0.0.1' resolves to '127.0.0.1';
151112 11:09:15 [Note] Server socket created on IP: '127.0.0.1'.
151112 11:09:15 [ERROR] Can't start server: Bind on TCP/IP port: No such file or directory
151112 11:09:15 [ERROR] Do you already have another mysqld server running on port: 3306 ?
151112 11:09:15 [ERROR] Aborting

151112 11:09:15  InnoDB: Starting shutdown...
151112 11:09:15  InnoDB: Shutdown completed; log sequence number 3369254
151112 11:09:15 [Note] C:\UniServerZ(12_11)\core\mysql\bin\mysqld_z.exe: Shutdown complete

151112 11:13:55 [Note] Plugin 'FEDERATED' is disabled.
151112 11:13:55 InnoDB: The InnoDB memory heap is disabled
151112 11:13:55 InnoDB: Mutexes and rw_locks use Windows interlocked functions
151112 11:13:55 InnoDB: Compressed tables use zlib 1.2.3
151112 11:13:55 InnoDB: Initializing buffer pool, size = 16.0M
151112 11:13:55 InnoDB: Completed initialization of buffer pool
151112 11:13:55 InnoDB: highest supported file format is Barracuda.
151112 11:13:55  InnoDB: Waiting for the background threads to start
151112 11:13:56 InnoDB: 5.5.45 started; log sequence number 3369254
151112 11:13:56 [Note] Server hostname (bind-address): '127.0.0.1'; port: 3306
151112 11:13:56 [Note]   - '127.0.0.1' resolves to '127.0.0.1';
151112 11:13:56 [Note] Server socket created on IP: '127.0.0.1'.
151112 11:13:56 [ERROR] Can't start server: Bind on TCP/IP port: No such file or directory
151112 11:13:56 [ERROR] Do you already have another mysqld server running on port: 3306 ?
151112 11:13:56 [ERROR] Aborting

151112 11:13:56  InnoDB: Starting shutdown...
151112 11:13:57  InnoDB: Shutdown completed; log sequence number 3369254
151112 11:13:57 [Note] C:\UniServerZ(12_11)\core\mysql\bin\mysqld_z.exe: Shutdown complete

151112 11:13:58 [Note] Plugin 'FEDERATED' is disabled.
151112 11:13:58 InnoDB: The InnoDB memory heap is disabled
151112 11:13:58 InnoDB: Mutexes and rw_locks use Windows interlocked functions
151112 11:13:58 InnoDB: Compressed tables use zlib 1.2.3
151112 11:13:58 InnoDB: Initializing buffer pool, size = 16.0M
151112 11:13:58 InnoDB: Completed initialization of buffer pool
151112 11:13:58 InnoDB: highest supported file format is Barracuda.
151112 11:13:59  InnoDB: Waiting for the background threads to start
151112 11:14:00 InnoDB: 5.5.45 started; log sequence number 3369254
151112 11:14:00 [Note] Server hostname (bind-address): '127.0.0.1'; port: 3306
151112 11:14:00 [Note]   - '127.0.0.1' resolves to '127.0.0.1';
151112 11:14:00 [Note] Server socket created on IP: '127.0.0.1'.
151112 11:14:00 [ERROR] Can't start server: Bind on TCP/IP port: No such file or directory
151112 11:14:00 [ERROR] Do you already have another mysqld server running on port: 3306 ?
151112 11:14:00 [ERROR] Aborting

151112 11:14:00  InnoDB: Starting shutdown...
151112 11:14:00  InnoDB: Shutdown completed; log sequence number 3369254
151112 11:14:00 [Note] C:\UniServerZ(12_11)\core\mysql\bin\mysqld_z.exe: Shutdown complete

151112 11:23:47 [Note] Plugin 'FEDERATED' is disabled.
151112 11:23:47 InnoDB: The InnoDB memory heap is disabled
151112 11:23:47 InnoDB: Mutexes and rw_locks use Windows interlocked functions
151112 11:23:47 InnoDB: Compressed tables use zlib 1.2.3
151112 11:23:47 InnoDB: Initializing buffer pool, size = 16.0M
151112 11:23:47 InnoDB: Completed initialization of buffer pool
151112 11:23:47 InnoDB: highest supported file format is Barracuda.
151112 11:23:47  InnoDB: Waiting for the background threads to start
151112 11:23:48 InnoDB: 5.5.45 started; log sequence number 3369254
151112 11:23:48 [Note] Server hostname (bind-address): '127.0.0.1'; port: 3306
151112 11:23:48 [Note]   - '127.0.0.1' resolves to '127.0.0.1';
151112 11:23:48 [Note] Server socket created on IP: '127.0.0.1'.
151112 11:23:49 [Note] Event Scheduler: Loaded 0 events
151112 11:23:49 [Note] C:\UniServerZ(12_11)\core\mysql\bin\mysqld_z.exe: ready for connections.
Version: '5.5.45'  socket: ''  port: 3306  MySQL Community Server (GPL)
151112 11:25:23 [Note] C:\UniServerZ(12_11)\core\mysql\bin\mysqld_z.exe: Normal shutdown

151112 11:25:23 [Note] Event Scheduler: Purging the queue. 0 events
151112 11:25:23  InnoDB: Starting shutdown...
151112 11:25:23  InnoDB: Shutdown completed; log sequence number 3369254
151112 11:25:23 [Note] C:\UniServerZ(12_11)\core\mysql\bin\mysqld_z.exe: Shutdown complete

151112 11:26:00 [Note] Plugin 'FEDERATED' is disabled.
151112 11:26:00 InnoDB: The InnoDB memory heap is disabled
151112 11:26:00 InnoDB: Mutexes and rw_locks use Windows interlocked functions
151112 11:26:00 InnoDB: Compressed tables use zlib 1.2.3
151112 11:26:00 InnoDB: Initializing buffer pool, size = 16.0M
151112 11:26:00 InnoDB: Completed initialization of buffer pool
151112 11:26:01 InnoDB: highest supported file format is Barracuda.
151112 11:26:01  InnoDB: Waiting for the background threads to start
151112 11:26:02 InnoDB: 5.5.45 started; log sequence number 3369254
151112 11:26:02 [Note] Server hostname (bind-address): '127.0.0.1'; port: 3307
151112 11:26:02 [Note]   - '127.0.0.1' resolves to '127.0.0.1';
151112 11:26:02 [Note] Server socket created on IP: '127.0.0.1'.
151112 11:26:02 [Note] Event Scheduler: Loaded 0 events
151112 11:26:02 [Note] C:\UniServerZ(12_11)\core\mysql\bin\mysqld_z.exe: ready for connections.
Version: '5.5.45'  socket: ''  port: 3307  MySQL Community Server (GPL)
151112 11:32:34 [Note] C:\UniServerZ(12_11)\core\mysql\bin\mysqld_z.exe: Normal shutdown

151112 11:32:34 [Note] Event Scheduler: Purging the queue. 0 events
151112 11:32:34  InnoDB: Starting shutdown...
151112 11:32:35  InnoDB: Shutdown completed; log sequence number 3369254
151112 11:32:35 [Note] C:\UniServerZ(12_11)\core\mysql\bin\mysqld_z.exe: Shutdown complete

151112 11:32:48 [Note] Plugin 'FEDERATED' is disabled.
151112 11:32:48 InnoDB: The InnoDB memory heap is disabled
151112 11:32:48 InnoDB: Mutexes and rw_locks use Windows interlocked functions
151112 11:32:48 InnoDB: Compressed tables use zlib 1.2.3
151112 11:32:48 InnoDB: Initializing buffer pool, size = 16.0M
151112 11:32:48 InnoDB: Completed initialization of buffer pool
151112 11:32:49 InnoDB: highest supported file format is Barracuda.
151112 11:32:49  InnoDB: Waiting for the background threads to start
151112 11:32:50 InnoDB: 5.5.45 started; log sequence number 3369254
151112 11:32:50 [Note] Server hostname (bind-address): '127.0.0.1'; port: 3306
151112 11:32:50 [Note]   - '127.0.0.1' resolves to '127.0.0.1';
151112 11:32:50 [Note] Server socket created on IP: '127.0.0.1'.
151112 11:32:50 [Note] Event Scheduler: Loaded 0 events
151112 11:32:50 [Note] C:\UniServerZ(12_11)\core\mysql\bin\mysqld_z.exe: ready for connections.
Version: '5.5.45'  socket: ''  port: 3306  MySQL Community Server (GPL)
151112 11:34:00 [Note] C:\UniServerZ(12_11)\core\mysql\bin\mysqld_z.exe: Normal shutdown

151112 11:34:00 [Note] Event Scheduler: Purging the queue. 0 events
151112 11:34:00  InnoDB: Starting shutdown...
151112 11:34:00  InnoDB: Shutdown completed; log sequence number 3369254
151112 11:34:00 [Note] C:\UniServerZ(12_11)\core\mysql\bin\mysqld_z.exe: Shutdown complete

151112 11:34:13 [Note] Plugin 'FEDERATED' is disabled.
151112 11:34:13 InnoDB: The InnoDB memory heap is disabled
151112 11:34:13 InnoDB: Mutexes and rw_locks use Windows interlocked functions
151112 11:34:13 InnoDB: Compressed tables use zlib 1.2.3
151112 11:34:13 InnoDB: Initializing buffer pool, size = 16.0M
151112 11:34:13 InnoDB: Completed initialization of buffer pool
151112 11:34:13 InnoDB: highest supported file format is Barracuda.
151112 11:34:13  InnoDB: Waiting for the background threads to start
151112 11:34:14 InnoDB: 5.5.45 started; log sequence number 3369254
151112 11:34:14 [Note] Server hostname (bind-address): '127.0.0.1'; port: 3307
151112 11:34:14 [Note]   - '127.0.0.1' resolves to '127.0.0.1';
151112 11:34:14 [Note] Server socket created on IP: '127.0.0.1'.
151112 11:34:14 [Note] Event Scheduler: Loaded 0 events
151112 11:34:14 [Note] C:\UniServerZ(12_11)\core\mysql\bin\mysqld_z.exe: ready for connections.
Version: '5.5.45'  socket: ''  port: 3307  MySQL Community Server (GPL)
151112 11:36:27 [Note] C:\UniServerZ(12_11)\core\mysql\bin\mysqld_z.exe: Normal shutdown

151112 11:36:27 [Note] Event Scheduler: Purging the queue. 0 events
151112 11:36:27  InnoDB: Starting shutdown...
151112 11:36:27  InnoDB: Shutdown completed; log sequence number 3369254
151112 11:36:27 [Note] C:\UniServerZ(12_11)\core\mysql\bin\mysqld_z.exe: Shutdown complete

151112 11:36:39 [Note] Plugin 'FEDERATED' is disabled.
151112 11:36:39 InnoDB: The InnoDB memory heap is disabled
151112 11:36:39 InnoDB: Mutexes and rw_locks use Windows interlocked functions
151112 11:36:39 InnoDB: Compressed tables use zlib 1.2.3
151112 11:36:39 InnoDB: Initializing buffer pool, size = 16.0M
151112 11:36:39 InnoDB: Completed initialization of buffer pool
151112 11:36:40 InnoDB: highest supported file format is Barracuda.
151112 11:36:40  InnoDB: Waiting for the background threads to start
151112 11:36:41 InnoDB: 5.5.45 started; log sequence number 3369254
151112 11:36:41 [Note] Server hostname (bind-address): '127.0.0.1'; port: 3306
151112 11:36:41 [Note]   - '127.0.0.1' resolves to '127.0.0.1';
151112 11:36:41 [Note] Server socket created on IP: '127.0.0.1'.
151112 11:36:41 [Note] Event Scheduler: Loaded 0 events
151112 11:36:41 [Note] C:\UniServerZ(12_11)\core\mysql\bin\mysqld_z.exe: ready for connections.
Version: '5.5.45'  socket: ''  port: 3306  MySQL Community Server (GPL)
151112 11:38:32 [Note] C:\UniServerZ(12_11)\core\mysql\bin\mysqld_z.exe: Normal shutdown

151112 11:38:32 [Note] Event Scheduler: Purging the queue. 0 events
151112 11:38:32  InnoDB: Starting shutdown...
151112 11:38:33  InnoDB: Shutdown completed; log sequence number 3369254
151112 11:38:33 [Note] C:\UniServerZ(12_11)\core\mysql\bin\mysqld_z.exe: Shutdown complete

151112 11:38:44 [Note] Plugin 'FEDERATED' is disabled.
151112 11:38:44 InnoDB: The InnoDB memory heap is disabled
151112 11:38:44 InnoDB: Mutexes and rw_locks use Windows interlocked functions
151112 11:38:44 InnoDB: Compressed tables use zlib 1.2.3
151112 11:38:44 InnoDB: Initializing buffer pool, size = 16.0M
151112 11:38:44 InnoDB: Completed initialization of buffer pool
151112 11:38:45 InnoDB: highest supported file format is Barracuda.
151112 11:38:45  InnoDB: Waiting for the background threads to start
151112 11:38:46 InnoDB: 5.5.45 started; log sequence number 3369254
151112 11:38:46 [Note] Server hostname (bind-address): '127.0.0.1'; port: 3307
151112 11:38:46 [Note]   - '127.0.0.1' resolves to '127.0.0.1';
151112 11:38:46 [Note] Server socket created on IP: '127.0.0.1'.
151112 11:38:46 [Note] Event Scheduler: Loaded 0 events
151112 11:38:46 [Note] C:\UniServerZ(12_11)\core\mysql\bin\mysqld_z.exe: ready for connections.
Version: '5.5.45'  socket: ''  port: 3307  MySQL Community Server (GPL)
151113 14:10:13 [Note] C:\UniServerZ(12_11)\core\mysql\bin\mysqld_z.exe: Normal shutdown

151113 14:10:13 [Note] Event Scheduler: Purging the queue. 0 events
151113 14:10:13  InnoDB: Starting shutdown...
151113 14:10:14  InnoDB: Shutdown completed; log sequence number 3369254
151113 14:10:14 [Note] C:\UniServerZ(12_11)\core\mysql\bin\mysqld_z.exe: Shutdown complete

151113 14:25:09 [Note] Plugin 'FEDERATED' is disabled.
151113 14:25:09 InnoDB: The InnoDB memory heap is disabled
151113 14:25:09 InnoDB: Mutexes and rw_locks use Windows interlocked functions
151113 14:25:09 InnoDB: Compressed tables use zlib 1.2.3
151113 14:25:09 InnoDB: Initializing buffer pool, size = 16.0M
151113 14:25:09 InnoDB: Completed initialization of buffer pool
151113 14:25:09 InnoDB: highest supported file format is Barracuda.
151113 14:25:10  InnoDB: Waiting for the background threads to start
151113 14:25:11 InnoDB: 5.5.45 started; log sequence number 3369254
151113 14:25:11 [Note] Server hostname (bind-address): '127.0.0.1'; port: 3307
151113 14:25:11 [Note]   - '127.0.0.1' resolves to '127.0.0.1';
151113 14:25:11 [Note] Server socket created on IP: '127.0.0.1'.
151113 14:25:11 [Note] Event Scheduler: Loaded 0 events
151113 14:25:11 [Note] C:\UniServerZ(12_11)\core\mysql\bin\mysqld_z.exe: ready for connections.
Version: '5.5.45'  socket: ''  port: 3307  MySQL Community Server (GPL)
151113 14:25:57 [Note] C:\UniServerZ(12_11)\core\mysql\bin\mysqld_z.exe: Normal shutdown

151113 14:25:57 [Note] Event Scheduler: Purging the queue. 0 events
151113 14:25:57  InnoDB: Starting shutdown...
151113 14:25:59  InnoDB: Shutdown completed; log sequence number 3369264
151113 14:25:59 [Note] C:\UniServerZ(12_11)\core\mysql\bin\mysqld_z.exe: Shutdown complete

151113 14:52:34 [Note] Plugin 'FEDERATED' is disabled.
151113 14:52:35 InnoDB: The InnoDB memory heap is disabled
151113 14:52:35 InnoDB: Mutexes and rw_locks use Windows interlocked functions
151113 14:52:35 InnoDB: Compressed tables use zlib 1.2.3
151113 14:52:35 InnoDB: Initializing buffer pool, size = 16.0M
151113 14:52:35 InnoDB: Completed initialization of buffer pool
151113 14:52:35 InnoDB: highest supported file format is Barracuda.
151113 14:52:35  InnoDB: Waiting for the background threads to start
151113 14:52:36 InnoDB: 5.5.45 started; log sequence number 3369264
151113 14:52:36 [Note] Server hostname (bind-address): '127.0.0.1'; port: 3307
151113 14:52:36 [Note]   - '127.0.0.1' resolves to '127.0.0.1';
151113 14:52:36 [Note] Server socket created on IP: '127.0.0.1'.
151113 14:52:36 [Note] Event Scheduler: Loaded 0 events
151113 14:52:36 [Note] C:\UniServerZ(12_11)\core\mysql\bin\mysqld_z.exe: ready for connections.
Version: '5.5.45'  socket: ''  port: 3307  MySQL Community Server (GPL)
151113 15:01:00 [Note] C:\UniServerZ(12_11)\core\mysql\bin\mysqld_z.exe: Normal shutdown

151113 15:01:00 [Note] Event Scheduler: Purging the queue. 0 events
151113 15:01:00  InnoDB: Starting shutdown...
151113 15:01:01  InnoDB: Shutdown completed; log sequence number 3369264
151113 15:01:01 [Note] C:\UniServerZ(12_11)\core\mysql\bin\mysqld_z.exe: Shutdown complete

151113 15:01:38 [Note] Plugin 'FEDERATED' is disabled.
151113 15:01:38 InnoDB: The InnoDB memory heap is disabled
151113 15:01:38 InnoDB: Mutexes and rw_locks use Windows interlocked functions
151113 15:01:38 InnoDB: Compressed tables use zlib 1.2.3
151113 15:01:38 InnoDB: Initializing buffer pool, size = 16.0M
151113 15:01:38 InnoDB: Completed initialization of buffer pool
151113 15:01:38 InnoDB: highest supported file format is Barracuda.
151113 15:01:39  InnoDB: Waiting for the background threads to start
151113 15:01:40 InnoDB: 5.5.45 started; log sequence number 3369264
151113 15:01:40 [Note] Server hostname (bind-address): '127.0.0.1'; port: 3306
151113 15:01:40 [Note]   - '127.0.0.1' resolves to '127.0.0.1';
151113 15:01:40 [Note] Server socket created on IP: '127.0.0.1'.
151113 15:01:40 [Note] Event Scheduler: Loaded 0 events
151113 15:01:40 [Note] C:\UniServerZ(12_11)\core\mysql\bin\mysqld_z.exe: ready for connections.
Version: '5.5.45'  socket: ''  port: 3306  MySQL Community Server (GPL)
151113 16:23:36 [Note] C:\UniServerZ(12_11)\core\mysql\bin\mysqld_z.exe: Normal shutdown

151113 16:23:36 [Note] Event Scheduler: Purging the queue. 0 events
151113 16:23:36  InnoDB: Starting shutdown...
151113 16:23:36  InnoDB: Shutdown completed; log sequence number 3369500
151113 16:23:36 [Note] C:\UniServerZ(12_11)\core\mysql\bin\mysqld_z.exe: Shutdown complete

151113 16:23:43 [Note] Plugin 'FEDERATED' is disabled.
151113 16:23:43 InnoDB: The InnoDB memory heap is disabled
151113 16:23:43 InnoDB: Mutexes and rw_locks use Windows interlocked functions
151113 16:23:43 InnoDB: Compressed tables use zlib 1.2.3
151113 16:23:43 InnoDB: Initializing buffer pool, size = 16.0M
151113 16:23:43 InnoDB: Completed initialization of buffer pool
151113 16:23:43 InnoDB: highest supported file format is Barracuda.
151113 16:23:43  InnoDB: Waiting for the background threads to start
151113 16:23:44 InnoDB: 5.5.45 started; log sequence number 3369500
151113 16:23:44 [Note] Server hostname (bind-address): '127.0.0.1'; port: 3306
151113 16:23:44 [Note]   - '127.0.0.1' resolves to '127.0.0.1';
151113 16:23:44 [Note] Server socket created on IP: '127.0.0.1'.
151113 16:23:44 [Note] Event Scheduler: Loaded 0 events
151113 16:23:44 [Note] C:\UniServerZ(12_11)\core\mysql\bin\mysqld_z.exe: ready for connections.
Version: '5.5.45'  socket: ''  port: 3306  MySQL Community Server (GPL)
151113 18:04:54 [Note] C:\UniServerZ(12_11)\core\mysql\bin\mysqld_z.exe: Normal shutdown

151113 18:04:54 [Note] Event Scheduler: Purging the queue. 0 events
151113 18:04:54  InnoDB: Starting shutdown...
151113 18:04:55  InnoDB: Shutdown completed; log sequence number 3369510
151113 18:04:55 [Note] C:\UniServerZ(12_11)\core\mysql\bin\mysqld_z.exe: Shutdown complete

151113 18:05:42 [Note] Plugin 'FEDERATED' is disabled.
151113 18:05:42 InnoDB: The InnoDB memory heap is disabled
151113 18:05:42 InnoDB: Mutexes and rw_locks use Windows interlocked functions
151113 18:05:42 InnoDB: Compressed tables use zlib 1.2.3
151113 18:05:42 InnoDB: Initializing buffer pool, size = 16.0M
151113 18:05:42 InnoDB: Completed initialization of buffer pool
151113 18:05:43 InnoDB: highest supported file format is Barracuda.
151113 18:05:44  InnoDB: Waiting for the background threads to start
151113 18:05:45 InnoDB: 5.5.45 started; log sequence number 3369510
151113 18:05:45 [Note] Server hostname (bind-address): '127.0.0.1'; port: 3306
151113 18:05:45 [Note]   - '127.0.0.1' resolves to '127.0.0.1';
151113 18:05:45 [Note] Server socket created on IP: '127.0.0.1'.
151113 18:05:45 [Note] Event Scheduler: Loaded 0 events
151113 18:05:45 [Note] C:\UniServerZ(12_11)\core\mysql\bin\mysqld_z.exe: ready for connections.
Version: '5.5.45'  socket: ''  port: 3306  MySQL Community Server (GPL)
151114 22:49:42 [Note] Plugin 'FEDERATED' is disabled.
151114 22:49:42 InnoDB: The InnoDB memory heap is disabled
151114 22:49:42 InnoDB: Mutexes and rw_locks use Windows interlocked functions
151114 22:49:42 InnoDB: Compressed tables use zlib 1.2.3
151114 22:49:42 InnoDB: Initializing buffer pool, size = 16.0M
151114 22:49:42 InnoDB: Completed initialization of buffer pool
151114 22:49:42 InnoDB: highest supported file format is Barracuda.
151114 22:49:43  InnoDB: Waiting for the background threads to start
151114 22:49:44 InnoDB: 5.5.45 started; log sequence number 3369510
151114 22:49:44 [Note] Server hostname (bind-address): '127.0.0.1'; port: 3306
151114 22:49:44 [Note]   - '127.0.0.1' resolves to '127.0.0.1';
151114 22:49:44 [Note] Server socket created on IP: '127.0.0.1'.
151114 22:49:45 [Note] Event Scheduler: Loaded 0 events
151114 22:49:45 [Note] C:\Users\Fran\Desktop\UniServer(13_11_15)\core\mysql\bin\mysqld_z.exe: ready for connections.
Version: '5.5.45'  socket: ''  port: 3306  MySQL Community Server (GPL)
151114 23:21:35 [Note] C:\Users\Fran\Desktop\UniServer(13_11_15)\core\mysql\bin\mysqld_z.exe: Normal shutdown

151114 23:21:35 [Note] Event Scheduler: Purging the queue. 0 events
151114 23:21:35  InnoDB: Starting shutdown...
151114 23:21:36  InnoDB: Shutdown completed; log sequence number 3369520
151114 23:21:36 [Note] C:\Users\Fran\Desktop\UniServer(13_11_15)\core\mysql\bin\mysqld_z.exe: Shutdown complete

151114 23:25:19 [Note] Plugin 'FEDERATED' is disabled.
151114 23:25:19 InnoDB: The InnoDB memory heap is disabled
151114 23:25:19 InnoDB: Mutexes and rw_locks use Windows interlocked functions
151114 23:25:19 InnoDB: Compressed tables use zlib 1.2.3
151114 23:25:20 InnoDB: Initializing buffer pool, size = 16.0M
151114 23:25:20 InnoDB: Completed initialization of buffer pool
151114 23:25:20 InnoDB: highest supported file format is Barracuda.
151114 23:25:21  InnoDB: Waiting for the background threads to start
151114 23:25:22 InnoDB: 5.5.45 started; log sequence number 3369520
151114 23:25:22 [Note] Server hostname (bind-address): '127.0.0.1'; port: 3306
151114 23:25:22 [Note]   - '127.0.0.1' resolves to '127.0.0.1';
151114 23:25:22 [Note] Server socket created on IP: '127.0.0.1'.
151114 23:25:22 [Note] Event Scheduler: Loaded 0 events
151114 23:25:22 [Note] C:\Users\Fran\Desktop\UniServer(13_11_15)\core\mysql\bin\mysqld_z.exe: ready for connections.
Version: '5.5.45'  socket: ''  port: 3306  MySQL Community Server (GPL)
151114 23:30:15 [Note] C:\Users\Fran\Desktop\UniServer(13_11_15)\core\mysql\bin\mysqld_z.exe: Normal shutdown

151114 23:30:15 [Note] Event Scheduler: Purging the queue. 0 events
151114 23:30:15  InnoDB: Starting shutdown...
151114 23:30:17  InnoDB: Shutdown completed; log sequence number 3369530
151114 23:30:17 [Note] C:\Users\Fran\Desktop\UniServer(13_11_15)\core\mysql\bin\mysqld_z.exe: Shutdown complete

151115 19:18:23 [Note] Plugin 'FEDERATED' is disabled.
151115 19:18:23 InnoDB: The InnoDB memory heap is disabled
151115 19:18:23 InnoDB: Mutexes and rw_locks use Windows interlocked functions
151115 19:18:23 InnoDB: Compressed tables use zlib 1.2.3
151115 19:18:24 InnoDB: Initializing buffer pool, size = 16.0M
151115 19:18:24 InnoDB: Completed initialization of buffer pool
151115 19:18:24 InnoDB: highest supported file format is Barracuda.
151115 19:18:24  InnoDB: Waiting for the background threads to start
151115 19:18:25 InnoDB: 5.5.45 started; log sequence number 3369530
151115 19:18:25 [Note] Server hostname (bind-address): '127.0.0.1'; port: 3306
151115 19:18:25 [Note]   - '127.0.0.1' resolves to '127.0.0.1';
151115 19:18:25 [Note] Server socket created on IP: '127.0.0.1'.
151115 19:18:25 [Note] Event Scheduler: Loaded 0 events
151115 19:18:25 [Note] C:\Users\Fran\Desktop\UniServer(13_11_15)\core\mysql\bin\mysqld_z.exe: ready for connections.
Version: '5.5.45'  socket: ''  port: 3306  MySQL Community Server (GPL)
151115 20:10:21 [Note] C:\Users\Fran\Desktop\UniServer(13_11_15)\core\mysql\bin\mysqld_z.exe: Normal shutdown

151115 20:10:21 [Note] Event Scheduler: Purging the queue. 0 events
151115 20:10:21  InnoDB: Starting shutdown...
151115 20:10:22  InnoDB: Shutdown completed; log sequence number 3369540
151115 20:10:22 [Note] C:\Users\Fran\Desktop\UniServer(13_11_15)\core\mysql\bin\mysqld_z.exe: Shutdown complete

151119  9:32:09 [Note] Plugin 'FEDERATED' is disabled.
151119  9:32:09 InnoDB: The InnoDB memory heap is disabled
151119  9:32:09 InnoDB: Mutexes and rw_locks use Windows interlocked functions
151119  9:32:09 InnoDB: Compressed tables use zlib 1.2.3
151119  9:32:09 InnoDB: Initializing buffer pool, size = 16.0M
151119  9:32:09 InnoDB: Completed initialization of buffer pool
151119  9:32:09 InnoDB: highest supported file format is Barracuda.
151119  9:32:09  InnoDB: Waiting for the background threads to start
151119  9:32:10 InnoDB: 5.5.45 started; log sequence number 3369540
151119  9:32:10 [Note] Server hostname (bind-address): '127.0.0.1'; port: 3306
151119  9:32:10 [Note]   - '127.0.0.1' resolves to '127.0.0.1';
151119  9:32:10 [Note] Server socket created on IP: '127.0.0.1'.
151119  9:32:10 [Note] Event Scheduler: Loaded 0 events
151119  9:32:10 [Note] C:\BoboProject(Organized)\BoboProject\core\mysql\bin\mysqld_z.exe: ready for connections.
Version: '5.5.45'  socket: ''  port: 3306  MySQL Community Server (GPL)
151119  9:40:48 [Note] C:\BoboProject(Organized)\BoboProject\core\mysql\bin\mysqld_z.exe: Normal shutdown

151119  9:40:48 [Note] Event Scheduler: Purging the queue. 0 events
151119  9:40:48  InnoDB: Starting shutdown...
151119  9:40:49  InnoDB: Shutdown completed; log sequence number 3369550
151119  9:40:49 [Note] C:\BoboProject(Organized)\BoboProject\core\mysql\bin\mysqld_z.exe: Shutdown complete

